The system is: Darwin - 17.7.0 - x86_64
Compiling the C compiler identification source file "CMakeCCompilerId.c" succeeded.
Compiler:  
Build flags: 
Id flags:  

The output was:
0
note: Using new build system
note: Planning build
note: Constructing build description
Build system information
warning: Traditional headermap style is no longer supported; please migrate to using separate headermaps and set 'ALWAYS_SEARCH_USER_PATHS' to NO. (in target 'CompilerIdC')

CreateBuildDirectory /Users/Charing/Code/Kidnapped-Vehicle/CMakeFiles/3.17.2/CompilerIdC (in target: CompilerIdC)
    cd /Users/Charing/Code/Kidnapped-Vehicle/CMakeFiles/3.17.2/CompilerIdC
    builtin-create-build-directory /Users/Charing/Code/Kidnapped-Vehicle/CMakeFiles/3.17.2/CompilerIdC

WriteAuxiliaryFile /Users/Charing/Code/Kidnapped-Vehicle/CMakeFiles/3.17.2/CompilerIdC/CompilerIdC.build/Debug/CompilerIdC.build/CompilerIdC-own-target-headers.hmap (in target: CompilerIdC)
    cd /Users/Charing/Code/Kidnapped-Vehicle/CMakeFiles/3.17.2/CompilerIdC
    write-file /Users/Charing/Code/Kidnapped-Vehicle/CMakeFiles/3.17.2/CompilerIdC/CompilerIdC.build/Debug/CompilerIdC.build/CompilerIdC-own-target-headers.hmap

WriteAuxiliaryFile /Users/Charing/Code/Kidnapped-Vehicle/CMakeFiles/3.17.2/CompilerIdC/CompilerIdC.build/Debug/CompilerIdC.build/CompilerIdC.hmap (in target: CompilerIdC)
    cd /Users/Charing/Code/Kidnapped-Vehicle/CMakeFiles/3.17.2/CompilerIdC
    write-file /Users/Charing/Code/Kidnapped-Vehicle/CMakeFiles/3.17.2/CompilerIdC/CompilerIdC.build/Debug/CompilerIdC.build/CompilerIdC.hmap

WriteAuxiliaryFile /Users/Charing/Code/Kidnapped-Vehicle/CMakeFiles/3.17.2/CompilerIdC/CompilerIdC.build/Debug/CompilerIdC.build/all-product-headers.yaml (in target: CompilerIdC)
    cd /Users/Charing/Code/Kidnapped-Vehicle/CMakeFiles/3.17.2/CompilerIdC
    write-file /Users/Charing/Code/Kidnapped-Vehicle/CMakeFiles/3.17.2/CompilerIdC/CompilerIdC.build/Debug/CompilerIdC.build/all-product-headers.yaml

WriteAuxiliaryFile /Users/Charing/Code/Kidnapped-Vehicle/CMakeFiles/3.17.2/CompilerIdC/CompilerIdC.build/Debug/CompilerIdC.build/CompilerIdC-project-headers.hmap (in target: CompilerIdC)
    cd /Users/Charing/Code/Kidnapped-Vehicle/CMakeFiles/3.17.2/CompilerIdC
    write-file /Users/Charing/Code/Kidnapped-Vehicle/CMakeFiles/3.17.2/CompilerIdC/CompilerIdC.build/Debug/CompilerIdC.build/CompilerIdC-project-headers.hmap

WriteAuxiliaryFile /Users/Charing/Code/Kidnapped-Vehicle/CMakeFiles/3.17.2/CompilerIdC/CompilerIdC.build/Debug/CompilerIdC.build/CompilerIdC-generated-files.hmap (in target: CompilerIdC)
    cd /Users/Charing/Code/Kidnapped-Vehicle/CMakeFiles/3.17.2/CompilerIdC
    write-file /Users/Charing/Code/Kidnapped-Vehicle/CMakeFiles/3.17.2/CompilerIdC/CompilerIdC.build/Debug/CompilerIdC.build/CompilerIdC-generated-files.hmap

WriteAuxiliaryFile /Users/Charing/Code/Kidnapped-Vehicle/CMakeFiles/3.17.2/CompilerIdC/CompilerIdC.build/Debug/CompilerIdC.build/CompilerIdC-all-target-headers.hmap (in target: CompilerIdC)
    cd /Users/Charing/Code/Kidnapped-Vehicle/CMakeFiles/3.17.2/CompilerIdC
    write-file /Users/Charing/Code/Kidnapped-Vehicle/CMakeFiles/3.17.2/CompilerIdC/CompilerIdC.build/Debug/CompilerIdC.build/CompilerIdC-all-target-headers.hmap

WriteAuxiliaryFile /Users/Charing/Code/Kidnapped-Vehicle/CMakeFiles/3.17.2/CompilerIdC/CompilerIdC.build/Debug/CompilerIdC.build/CompilerIdC-all-non-framework-target-headers.hmap (in target: CompilerIdC)
    cd /Users/Charing/Code/Kidnapped-Vehicle/CMakeFiles/3.17.2/CompilerIdC
    write-file /Users/Charing/Code/Kidnapped-Vehicle/CMakeFiles/3.17.2/CompilerIdC/CompilerIdC.build/Debug/CompilerIdC.build/CompilerIdC-all-non-framework-target-headers.hmap

WriteAuxiliaryFile /Users/Charing/Code/Kidnapped-Vehicle/CMakeFiles/3.17.2/CompilerIdC/CompilerIdC.build/Debug/CompilerIdC.build/Objects-normal/x86_64/CompilerIdC.LinkFileList (in target: CompilerIdC)
    cd /Users/Charing/Code/Kidnapped-Vehicle/CMakeFiles/3.17.2/CompilerIdC
    write-file /Users/Charing/Code/Kidnapped-Vehicle/CMakeFiles/3.17.2/CompilerIdC/CompilerIdC.build/Debug/CompilerIdC.build/Objects-normal/x86_64/CompilerIdC.LinkFileList

CompileC /Users/Charing/Code/Kidnapped-Vehicle/CMakeFiles/3.17.2/CompilerIdC/CompilerIdC.build/Debug/CompilerIdC.build/Objects-normal/x86_64/CMakeCCompilerId.o /Users/Charing/Code/Kidnapped-Vehicle/CMakeFiles/3.17.2/CompilerIdC/CMakeCCompilerId.c normal x86_64 c com.apple.compilers.llvm.clang.1_0.compiler (in target: CompilerIdC)
    cd /Users/Charing/Code/Kidnapped-Vehicle/CMakeFiles/3.17.2/CompilerIdC
    export LANG=en_US.US-ASCII
    /Applications/Xcode.app/Contents/Developer/Toolchains/XcodeDefault.xctoolchain/usr/bin/clang -x c -arch x86_64 -fmessage-length=0 -fdiagnostics-show-note-include-stack -fmacro-backtrace-limit=0 -Wno-trigraphs -fpascal-strings -Os -Wno-missing-field-initializers -Wno-missing-prototypes -Wno-return-type -Wno-missing-braces -Wparentheses -Wswitch -Wno-unused-function -Wno-unused-label -Wno-unused-parameter -Wno-unused-variable -Wunused-value -Wno-empty-body -Wno-uninitialized -Wno-unknown-pragmas -Wno-shadow -Wno-four-char-constants -Wno-conversion -Wno-constant-conversion -Wno-int-conversion -Wno-bool-conversion -Wno-enum-conversion -Wno-float-conversion -Wno-non-literal-null-conversion -Wno-objc-literal-conversion -Wno-shorten-64-to-32 -Wpointer-sign -Wno-newline-eof -isysroot /Applications/Xcode.app/Contents/Developer/Platforms/MacOSX.platform/Developer/SDKs/MacOSX10.14.sdk -fasm-blocks -fstrict-aliasing -Wdeprecated-declarations -mmacosx-version-min=10.13 -g -fvisibility=hidden -Wno-sign-conversion -Wno-infinite-recursion -Wno-comma -Wno-block-capture-autoreleasing -Wno-strict-prototypes -Wno-semicolon-before-method-body -iquote /Users/Charing/Code/Kidnapped-Vehicle/CMakeFiles/3.17.2/CompilerIdC/CompilerIdC.build/Debug/CompilerIdC.build/CompilerIdC-generated-files.hmap -I/Users/Charing/Code/Kidnapped-Vehicle/CMakeFiles/3.17.2/CompilerIdC/CompilerIdC.build/Debug/CompilerIdC.build/CompilerIdC-own-target-headers.hmap -I/Users/Charing/Code/Kidnapped-Vehicle/CMakeFiles/3.17.2/CompilerIdC/CompilerIdC.build/Debug/CompilerIdC.build/CompilerIdC-all-target-headers.hmap -iquote /Users/Charing/Code/Kidnapped-Vehicle/CMakeFiles/3.17.2/CompilerIdC/CompilerIdC.build/Debug/CompilerIdC.build/CompilerIdC-project-headers.hmap -I/Users/Charing/Code/Kidnapped-Vehicle/CMakeFiles/3.17.2/CompilerIdC/include -I/Users/Charing/Code/Kidnapped-Vehicle/CMakeFiles/3.17.2/CompilerIdC/CompilerIdC.build/Debug/CompilerIdC.build/DerivedSources/x86_64 -I/Users/Charing/Code/Kidnapped-Vehicle/CMakeFiles/3.17.2/CompilerIdC/CompilerIdC.build/Debug/CompilerIdC.build/DerivedSources -F/Users/Charing/Code/Kidnapped-Vehicle/CMakeFiles/3.17.2/CompilerIdC -MMD -MT dependencies -MF /Users/Charing/Code/Kidnapped-Vehicle/CMakeFiles/3.17.2/CompilerIdC/CompilerIdC.build/Debug/CompilerIdC.build/Objects-normal/x86_64/CMakeCCompilerId.d --serialize-diagnostics /Users/Charing/Code/Kidnapped-Vehicle/CMakeFiles/3.17.2/CompilerIdC/CompilerIdC.build/Debug/CompilerIdC.build/Objects-normal/x86_64/CMakeCCompilerId.dia -c /Users/Charing/Code/Kidnapped-Vehicle/CMakeFiles/3.17.2/CompilerIdC/CMakeCCompilerId.c -o /Users/Charing/Code/Kidnapped-Vehicle/CMakeFiles/3.17.2/CompilerIdC/CompilerIdC.build/Debug/CompilerIdC.build/Objects-normal/x86_64/CMakeCCompilerId.o

Ld /Users/Charing/Code/Kidnapped-Vehicle/CMakeFiles/3.17.2/CompilerIdC/CompilerIdC normal x86_64 (in target: CompilerIdC)
    cd /Users/Charing/Code/Kidnapped-Vehicle/CMakeFiles/3.17.2/CompilerIdC
    export MACOSX_DEPLOYMENT_TARGET=10.13
    /Applications/Xcode.app/Contents/Developer/Toolchains/XcodeDefault.xctoolchain/usr/bin/clang -arch x86_64 -isysroot /Applications/Xcode.app/Contents/Developer/Platforms/MacOSX.platform/Developer/SDKs/MacOSX10.14.sdk -L/Users/Charing/Code/Kidnapped-Vehicle/CMakeFiles/3.17.2/CompilerIdC -F/Users/Charing/Code/Kidnapped-Vehicle/CMakeFiles/3.17.2/CompilerIdC -filelist /Users/Charing/Code/Kidnapped-Vehicle/CMakeFiles/3.17.2/CompilerIdC/CompilerIdC.build/Debug/CompilerIdC.build/Objects-normal/x86_64/CompilerIdC.LinkFileList -mmacosx-version-min=10.13 -Xlinker -object_path_lto -Xlinker /Users/Charing/Code/Kidnapped-Vehicle/CMakeFiles/3.17.2/CompilerIdC/CompilerIdC.build/Debug/CompilerIdC.build/Objects-normal/x86_64/CompilerIdC_lto.o -Xlinker -dependency_info -Xlinker /Users/Charing/Code/Kidnapped-Vehicle/CMakeFiles/3.17.2/CompilerIdC/CompilerIdC.build/Debug/CompilerIdC.build/Objects-normal/x86_64/CompilerIdC_dependency_info.dat -o /Users/Charing/Code/Kidnapped-Vehicle/CMakeFiles/3.17.2/CompilerIdC/CompilerIdC

WriteAuxiliaryFile /Users/Charing/Code/Kidnapped-Vehicle/CMakeFiles/3.17.2/CompilerIdC/CompilerIdC.build/Debug/CompilerIdC.build/Script-2C8FEB8E15DC1A1A00E56A5D.sh (in target: CompilerIdC)
    cd /Users/Charing/Code/Kidnapped-Vehicle/CMakeFiles/3.17.2/CompilerIdC
    write-file /Users/Charing/Code/Kidnapped-Vehicle/CMakeFiles/3.17.2/CompilerIdC/CompilerIdC.build/Debug/CompilerIdC.build/Script-2C8FEB8E15DC1A1A00E56A5D.sh

PhaseScriptExecution Run\ Script /Users/Charing/Code/Kidnapped-Vehicle/CMakeFiles/3.17.2/CompilerIdC/CompilerIdC.build/Debug/CompilerIdC.build/Script-2C8FEB8E15DC1A1A00E56A5D.sh (in target: CompilerIdC)
    cd /Users/Charing/Code/Kidnapped-Vehicle/CMakeFiles/3.17.2/CompilerIdC
    /bin/sh -c /Users/Charing/Code/Kidnapped-Vehicle/CMakeFiles/3.17.2/CompilerIdC/CompilerIdC.build/Debug/CompilerIdC.build/Script-2C8FEB8E15DC1A1A00E56A5D.sh
GCC_VERSION=com.apple.compilers.llvm.clang.1_0
ARCHS=x86_64

** BUILD SUCCEEDED **



Compilation of the C compiler identification source "CMakeCCompilerId.c" produced "CompilerIdC"

The C compiler identification is AppleClang, found in "/Users/Charing/Code/Kidnapped-Vehicle/CMakeFiles/3.17.2/CompilerIdC/CompilerIdC"

Compiling the CXX compiler identification source file "CMakeCXXCompilerId.cpp" succeeded.
Compiler:  
Build flags: 
Id flags:  

The output was:
0
note: Using new build system
note: Planning build
note: Constructing build description
Build system information
warning: Traditional headermap style is no longer supported; please migrate to using separate headermaps and set 'ALWAYS_SEARCH_USER_PATHS' to NO. (in target 'CompilerIdCXX')

CreateBuildDirectory /Users/Charing/Code/Kidnapped-Vehicle/CMakeFiles/3.17.2/CompilerIdCXX (in target: CompilerIdCXX)
    cd /Users/Charing/Code/Kidnapped-Vehicle/CMakeFiles/3.17.2/CompilerIdCXX
    builtin-create-build-directory /Users/Charing/Code/Kidnapped-Vehicle/CMakeFiles/3.17.2/CompilerIdCXX

WriteAuxiliaryFile /Users/Charing/Code/Kidnapped-Vehicle/CMakeFiles/3.17.2/CompilerIdCXX/CompilerIdCXX.build/Debug/CompilerIdCXX.build/CompilerIdCXX-project-headers.hmap (in target: CompilerIdCXX)
    cd /Users/Charing/Code/Kidnapped-Vehicle/CMakeFiles/3.17.2/CompilerIdCXX
    write-file /Users/Charing/Code/Kidnapped-Vehicle/CMakeFiles/3.17.2/CompilerIdCXX/CompilerIdCXX.build/Debug/CompilerIdCXX.build/CompilerIdCXX-project-headers.hmap

WriteAuxiliaryFile /Users/Charing/Code/Kidnapped-Vehicle/CMakeFiles/3.17.2/CompilerIdCXX/CompilerIdCXX.build/Debug/CompilerIdCXX.build/CompilerIdCXX.hmap (in target: CompilerIdCXX)
    cd /Users/Charing/Code/Kidnapped-Vehicle/CMakeFiles/3.17.2/CompilerIdCXX
    write-file /Users/Charing/Code/Kidnapped-Vehicle/CMakeFiles/3.17.2/CompilerIdCXX/CompilerIdCXX.build/Debug/CompilerIdCXX.build/CompilerIdCXX.hmap

WriteAuxiliaryFile /Users/Charing/Code/Kidnapped-Vehicle/CMakeFiles/3.17.2/CompilerIdCXX/CompilerIdCXX.build/Debug/CompilerIdCXX.build/all-product-headers.yaml (in target: CompilerIdCXX)
    cd /Users/Charing/Code/Kidnapped-Vehicle/CMakeFiles/3.17.2/CompilerIdCXX
    write-file /Users/Charing/Code/Kidnapped-Vehicle/CMakeFiles/3.17.2/CompilerIdCXX/CompilerIdCXX.build/Debug/CompilerIdCXX.build/all-product-headers.yaml

WriteAuxiliaryFile /Users/Charing/Code/Kidnapped-Vehicle/CMakeFiles/3.17.2/CompilerIdCXX/CompilerIdCXX.build/Debug/CompilerIdCXX.build/CompilerIdCXX-own-target-headers.hmap (in target: CompilerIdCXX)
    cd /Users/Charing/Code/Kidnapped-Vehicle/CMakeFiles/3.17.2/CompilerIdCXX
    write-file /Users/Charing/Code/Kidnapped-Vehicle/CMakeFiles/3.17.2/CompilerIdCXX/CompilerIdCXX.build/Debug/CompilerIdCXX.build/CompilerIdCXX-own-target-headers.hmap

WriteAuxiliaryFile /Users/Charing/Code/Kidnapped-Vehicle/CMakeFiles/3.17.2/CompilerIdCXX/CompilerIdCXX.build/Debug/CompilerIdCXX.build/CompilerIdCXX-all-target-headers.hmap (in target: CompilerIdCXX)
    cd /Users/Charing/Code/Kidnapped-Vehicle/CMakeFiles/3.17.2/CompilerIdCXX
    write-file /Users/Charing/Code/Kidnapped-Vehicle/CMakeFiles/3.17.2/CompilerIdCXX/CompilerIdCXX.build/Debug/CompilerIdCXX.build/CompilerIdCXX-all-target-headers.hmap

WriteAuxiliaryFile /Users/Charing/Code/Kidnapped-Vehicle/CMakeFiles/3.17.2/CompilerIdCXX/CompilerIdCXX.build/Debug/CompilerIdCXX.build/CompilerIdCXX-generated-files.hmap (in target: CompilerIdCXX)
    cd /Users/Charing/Code/Kidnapped-Vehicle/CMakeFiles/3.17.2/CompilerIdCXX
    write-file /Users/Charing/Code/Kidnapped-Vehicle/CMakeFiles/3.17.2/CompilerIdCXX/CompilerIdCXX.build/Debug/CompilerIdCXX.build/CompilerIdCXX-generated-files.hmap

WriteAuxiliaryFile /Users/Charing/Code/Kidnapped-Vehicle/CMakeFiles/3.17.2/CompilerIdCXX/CompilerIdCXX.build/Debug/CompilerIdCXX.build/CompilerIdCXX-all-non-framework-target-headers.hmap (in target: CompilerIdCXX)
    cd /Users/Charing/Code/Kidnapped-Vehicle/CMakeFiles/3.17.2/CompilerIdCXX
    write-file /Users/Charing/Code/Kidnapped-Vehicle/CMakeFiles/3.17.2/CompilerIdCXX/CompilerIdCXX.build/Debug/CompilerIdCXX.build/CompilerIdCXX-all-non-framework-target-headers.hmap

WriteAuxiliaryFile /Users/Charing/Code/Kidnapped-Vehicle/CMakeFiles/3.17.2/CompilerIdCXX/CompilerIdCXX.build/Debug/CompilerIdCXX.build/Objects-normal/x86_64/CompilerIdCXX.LinkFileList (in target: CompilerIdCXX)
    cd /Users/Charing/Code/Kidnapped-Vehicle/CMakeFiles/3.17.2/CompilerIdCXX
    write-file /Users/Charing/Code/Kidnapped-Vehicle/CMakeFiles/3.17.2/CompilerIdCXX/CompilerIdCXX.build/Debug/CompilerIdCXX.build/Objects-normal/x86_64/CompilerIdCXX.LinkFileList

CompileC /Users/Charing/Code/Kidnapped-Vehicle/CMakeFiles/3.17.2/CompilerIdCXX/CompilerIdCXX.build/Debug/CompilerIdCXX.build/Objects-normal/x86_64/CMakeCXXCompilerId.o /Users/Charing/Code/Kidnapped-Vehicle/CMakeFiles/3.17.2/CompilerIdCXX/CMakeCXXCompilerId.cpp normal x86_64 c++ com.apple.compilers.llvm.clang.1_0.compiler (in target: CompilerIdCXX)
    cd /Users/Charing/Code/Kidnapped-Vehicle/CMakeFiles/3.17.2/CompilerIdCXX
    export LANG=en_US.US-ASCII
    /Applications/Xcode.app/Contents/Developer/Toolchains/XcodeDefault.xctoolchain/usr/bin/clang -x c++ -arch x86_64 -fmessage-length=0 -fdiagnostics-show-note-include-stack -fmacro-backtrace-limit=0 -Wno-trigraphs -fpascal-strings -Os -Wno-missing-field-initializers -Wno-missing-prototypes -Wno-return-type -Wno-non-virtual-dtor -Wno-overloaded-virtual -Wno-exit-time-destructors -Wno-missing-braces -Wparentheses -Wswitch -Wno-unused-function -Wno-unused-label -Wno-unused-parameter -Wno-unused-variable -Wunused-value -Wno-empty-body -Wno-uninitialized -Wno-unknown-pragmas -Wno-shadow -Wno-four-char-constants -Wno-conversion -Wno-constant-conversion -Wno-int-conversion -Wno-bool-conversion -Wno-enum-conversion -Wno-float-conversion -Wno-non-literal-null-conversion -Wno-objc-literal-conversion -Wno-shorten-64-to-32 -Wno-newline-eof -Wno-c++11-extensions -isysroot /Applications/Xcode.app/Contents/Developer/Platforms/MacOSX.platform/Developer/SDKs/MacOSX10.14.sdk -fasm-blocks -fstrict-aliasing -Wdeprecated-declarations -Winvalid-offsetof -mmacosx-version-min=10.13 -g -fvisibility=hidden -fvisibility-inlines-hidden -Wno-sign-conversion -Wno-infinite-recursion -Wno-move -Wno-comma -Wno-block-capture-autoreleasing -Wno-strict-prototypes -Wno-range-loop-analysis -Wno-semicolon-before-method-body -iquote /Users/Charing/Code/Kidnapped-Vehicle/CMakeFiles/3.17.2/CompilerIdCXX/CompilerIdCXX.build/Debug/CompilerIdCXX.build/CompilerIdCXX-generated-files.hmap -I/Users/Charing/Code/Kidnapped-Vehicle/CMakeFiles/3.17.2/CompilerIdCXX/CompilerIdCXX.build/Debug/CompilerIdCXX.build/CompilerIdCXX-own-target-headers.hmap -I/Users/Charing/Code/Kidnapped-Vehicle/CMakeFiles/3.17.2/CompilerIdCXX/CompilerIdCXX.build/Debug/CompilerIdCXX.build/CompilerIdCXX-all-target-headers.hmap -iquote /Users/Charing/Code/Kidnapped-Vehicle/CMakeFiles/3.17.2/CompilerIdCXX/CompilerIdCXX.build/Debug/CompilerIdCXX.build/CompilerIdCXX-project-headers.hmap -I/Users/Charing/Code/Kidnapped-Vehicle/CMakeFiles/3.17.2/CompilerIdCXX/include -I/Users/Charing/Code/Kidnapped-Vehicle/CMakeFiles/3.17.2/CompilerIdCXX/CompilerIdCXX.build/Debug/CompilerIdCXX.build/DerivedSources/x86_64 -I/Users/Charing/Code/Kidnapped-Vehicle/CMakeFiles/3.17.2/CompilerIdCXX/CompilerIdCXX.build/Debug/CompilerIdCXX.build/DerivedSources -F/Users/Charing/Code/Kidnapped-Vehicle/CMakeFiles/3.17.2/CompilerIdCXX -MMD -MT dependencies -MF /Users/Charing/Code/Kidnapped-Vehicle/CMakeFiles/3.17.2/CompilerIdCXX/CompilerIdCXX.build/Debug/CompilerIdCXX.build/Objects-normal/x86_64/CMakeCXXCompilerId.d --serialize-diagnostics /Users/Charing/Code/Kidnapped-Vehicle/CMakeFiles/3.17.2/CompilerIdCXX/CompilerIdCXX.build/Debug/CompilerIdCXX.build/Objects-normal/x86_64/CMakeCXXCompilerId.dia -c /Users/Charing/Code/Kidnapped-Vehicle/CMakeFiles/3.17.2/CompilerIdCXX/CMakeCXXCompilerId.cpp -o /Users/Charing/Code/Kidnapped-Vehicle/CMakeFiles/3.17.2/CompilerIdCXX/CompilerIdCXX.build/Debug/CompilerIdCXX.build/Objects-normal/x86_64/CMakeCXXCompilerId.o

Ld /Users/Charing/Code/Kidnapped-Vehicle/CMakeFiles/3.17.2/CompilerIdCXX/CompilerIdCXX normal x86_64 (in target: CompilerIdCXX)
    cd /Users/Charing/Code/Kidnapped-Vehicle/CMakeFiles/3.17.2/CompilerIdCXX
    export MACOSX_DEPLOYMENT_TARGET=10.13
    /Applications/Xcode.app/Contents/Developer/Toolchains/XcodeDefault.xctoolchain/usr/bin/clang++ -arch x86_64 -isysroot /Applications/Xcode.app/Contents/Developer/Platforms/MacOSX.platform/Developer/SDKs/MacOSX10.14.sdk -L/Users/Charing/Code/Kidnapped-Vehicle/CMakeFiles/3.17.2/CompilerIdCXX -F/Users/Charing/Code/Kidnapped-Vehicle/CMakeFiles/3.17.2/CompilerIdCXX -filelist /Users/Charing/Code/Kidnapped-Vehicle/CMakeFiles/3.17.2/CompilerIdCXX/CompilerIdCXX.build/Debug/CompilerIdCXX.build/Objects-normal/x86_64/CompilerIdCXX.LinkFileList -mmacosx-version-min=10.13 -Xlinker -object_path_lto -Xlinker /Users/Charing/Code/Kidnapped-Vehicle/CMakeFiles/3.17.2/CompilerIdCXX/CompilerIdCXX.build/Debug/CompilerIdCXX.build/Objects-normal/x86_64/CompilerIdCXX_lto.o -Xlinker -dependency_info -Xlinker /Users/Charing/Code/Kidnapped-Vehicle/CMakeFiles/3.17.2/CompilerIdCXX/CompilerIdCXX.build/Debug/CompilerIdCXX.build/Objects-normal/x86_64/CompilerIdCXX_dependency_info.dat -o /Users/Charing/Code/Kidnapped-Vehicle/CMakeFiles/3.17.2/CompilerIdCXX/CompilerIdCXX

WriteAuxiliaryFile /Users/Charing/Code/Kidnapped-Vehicle/CMakeFiles/3.17.2/CompilerIdCXX/CompilerIdCXX.build/Debug/CompilerIdCXX.build/Script-2C8FEB8E15DC1A1A00E56A5D.sh (in target: CompilerIdCXX)
    cd /Users/Charing/Code/Kidnapped-Vehicle/CMakeFiles/3.17.2/CompilerIdCXX
    write-file /Users/Charing/Code/Kidnapped-Vehicle/CMakeFiles/3.17.2/CompilerIdCXX/CompilerIdCXX.build/Debug/CompilerIdCXX.build/Script-2C8FEB8E15DC1A1A00E56A5D.sh

PhaseScriptExecution Run\ Script /Users/Charing/Code/Kidnapped-Vehicle/CMakeFiles/3.17.2/CompilerIdCXX/CompilerIdCXX.build/Debug/CompilerIdCXX.build/Script-2C8FEB8E15DC1A1A00E56A5D.sh (in target: CompilerIdCXX)
    cd /Users/Charing/Code/Kidnapped-Vehicle/CMakeFiles/3.17.2/CompilerIdCXX
    /bin/sh -c /Users/Charing/Code/Kidnapped-Vehicle/CMakeFiles/3.17.2/CompilerIdCXX/CompilerIdCXX.build/Debug/CompilerIdCXX.build/Script-2C8FEB8E15DC1A1A00E56A5D.sh
GCC_VERSION=com.apple.compilers.llvm.clang.1_0
ARCHS=x86_64

** BUILD SUCCEEDED **



Compilation of the CXX compiler identification source "CMakeCXXCompilerId.cpp" produced "CompilerIdCXX"

The CXX compiler identification is AppleClang, found in "/Users/Charing/Code/Kidnapped-Vehicle/CMakeFiles/3.17.2/CompilerIdCXX/CompilerIdCXX"

Determining if the C compiler works passed with the following output:
Change Dir: /Users/Charing/Code/Kidnapped-Vehicle/CMakeFiles/CMakeTmp

Run Build Command(s):/usr/bin/xcodebuild -project CMAKE_TRY_COMPILE.xcodeproj build -target cmTC_f0725 -configuration Debug -hideShellScriptEnvironment && User defaults from command line:
    HideShellScriptEnvironment = YES

Prepare build
note: Using legacy build system

=== BUILD TARGET cmTC_f0725 OF PROJECT CMAKE_TRY_COMPILE WITH CONFIGURATION Debug ===

Check dependencies

Write auxiliary files
/bin/mkdir -p /Users/Charing/Code/Kidnapped-Vehicle/CMakeFiles/CMakeTmp/CMAKE_TRY_COMPILE.build/Debug/cmTC_f0725.build/Objects-normal/x86_64
write-file /Users/Charing/Code/Kidnapped-Vehicle/CMakeFiles/CMakeTmp/CMAKE_TRY_COMPILE.build/Debug/cmTC_f0725.build/Objects-normal/x86_64/cmTC_f0725.LinkFileList

CompileC CMAKE_TRY_COMPILE.build/Debug/cmTC_f0725.build/Objects-normal/x86_64/testCCompiler.o testCCompiler.c normal x86_64 c com.apple.compilers.llvm.clang.1_0.compiler
    cd /Users/Charing/Code/Kidnapped-Vehicle/CMakeFiles/CMakeTmp
    /Applications/Xcode.app/Contents/Developer/Toolchains/XcodeDefault.xctoolchain/usr/bin/clang -x c -arch x86_64 -fmessage-length=0 -fdiagnostics-show-note-include-stack -fmacro-backtrace-limit=0 -Wno-trigraphs -fpascal-strings -O0 -Wno-missing-field-initializers -Wno-missing-prototypes -Wno-return-type -Wno-missing-braces -Wparentheses -Wswitch -Wno-unused-function -Wno-unused-label -Wno-unused-parameter -Wno-unused-variable -Wunused-value -Wno-empty-body -Wno-uninitialized -Wno-unknown-pragmas -Wno-shadow -Wno-four-char-constants -Wno-conversion -Wno-constant-conversion -Wno-int-conversion -Wno-bool-conversion -Wno-enum-conversion -Wno-float-conversion -Wno-non-literal-null-conversion -Wno-objc-literal-conversion -Wno-shorten-64-to-32 -Wpointer-sign -Wno-newline-eof -DCMAKE_INTDIR=\"Debug\" -isysroot /Applications/Xcode.app/Contents/Developer/Platforms/MacOSX.platform/Developer/SDKs/MacOSX10.14.sdk -fasm-blocks -fstrict-aliasing -Wdeprecated-declarations -mmacosx-version-min=10.13 -g -Wno-sign-conversion -Wno-infinite-recursion -Wno-comma -Wno-block-capture-autoreleasing -Wno-strict-prototypes -Wno-semicolon-before-method-body -I/Users/Charing/Code/Kidnapped-Vehicle/CMakeFiles/CMakeTmp/Debug/include -I/Users/Charing/Code/Kidnapped-Vehicle/CMakeFiles/CMakeTmp/CMAKE_TRY_COMPILE.build/Debug/cmTC_f0725.build/DerivedSources/x86_64 -I/Users/Charing/Code/Kidnapped-Vehicle/CMakeFiles/CMakeTmp/CMAKE_TRY_COMPILE.build/Debug/cmTC_f0725.build/DerivedSources -F/Users/Charing/Code/Kidnapped-Vehicle/CMakeFiles/CMakeTmp/Debug -MMD -MT dependencies -MF /Users/Charing/Code/Kidnapped-Vehicle/CMakeFiles/CMakeTmp/CMAKE_TRY_COMPILE.build/Debug/cmTC_f0725.build/Objects-normal/x86_64/testCCompiler.d --serialize-diagnostics /Users/Charing/Code/Kidnapped-Vehicle/CMakeFiles/CMakeTmp/CMAKE_TRY_COMPILE.build/Debug/cmTC_f0725.build/Objects-normal/x86_64/testCCompiler.dia -c /Users/Charing/Code/Kidnapped-Vehicle/CMakeFiles/CMakeTmp/testCCompiler.c -o /Users/Charing/Code/Kidnapped-Vehicle/CMakeFiles/CMakeTmp/CMAKE_TRY_COMPILE.build/Debug/cmTC_f0725.build/Objects-normal/x86_64/testCCompiler.o

Ld Debug/cmTC_f0725 normal x86_64
    cd /Users/Charing/Code/Kidnapped-Vehicle/CMakeFiles/CMakeTmp
    /Applications/Xcode.app/Contents/Developer/Toolchains/XcodeDefault.xctoolchain/usr/bin/clang -arch x86_64 -isysroot /Applications/Xcode.app/Contents/Developer/Platforms/MacOSX.platform/Developer/SDKs/MacOSX10.14.sdk -L/Users/Charing/Code/Kidnapped-Vehicle/CMakeFiles/CMakeTmp/Debug -F/Users/Charing/Code/Kidnapped-Vehicle/CMakeFiles/CMakeTmp/Debug -filelist /Users/Charing/Code/Kidnapped-Vehicle/CMakeFiles/CMakeTmp/CMAKE_TRY_COMPILE.build/Debug/cmTC_f0725.build/Objects-normal/x86_64/cmTC_f0725.LinkFileList -mmacosx-version-min=10.13 -Xlinker -object_path_lto -Xlinker /Users/Charing/Code/Kidnapped-Vehicle/CMakeFiles/CMakeTmp/CMAKE_TRY_COMPILE.build/Debug/cmTC_f0725.build/Objects-normal/x86_64/cmTC_f0725_lto.o -Xlinker -no_deduplicate -Wl,-search_paths_first -Wl,-headerpad_max_install_names -Xlinker -dependency_info -Xlinker /Users/Charing/Code/Kidnapped-Vehicle/CMakeFiles/CMakeTmp/CMAKE_TRY_COMPILE.build/Debug/cmTC_f0725.build/Objects-normal/x86_64/cmTC_f0725_dependency_info.dat -o /Users/Charing/Code/Kidnapped-Vehicle/CMakeFiles/CMakeTmp/Debug/cmTC_f0725

** BUILD SUCCEEDED **




Detecting C compiler ABI info compiled with the following output:
Change Dir: /Users/Charing/Code/Kidnapped-Vehicle/CMakeFiles/CMakeTmp

Run Build Command(s):/usr/bin/xcodebuild -project CMAKE_TRY_COMPILE.xcodeproj build -target cmTC_69dae -configuration Debug -hideShellScriptEnvironment && User defaults from command line:
    HideShellScriptEnvironment = YES

Prepare build
note: Using legacy build system

=== BUILD TARGET cmTC_69dae OF PROJECT CMAKE_TRY_COMPILE WITH CONFIGURATION Debug ===

Check dependencies

Write auxiliary files
/bin/mkdir -p /Users/Charing/Code/Kidnapped-Vehicle/CMakeFiles/CMakeTmp/CMAKE_TRY_COMPILE.build/Debug/cmTC_69dae.build/Objects-normal/x86_64
write-file /Users/Charing/Code/Kidnapped-Vehicle/CMakeFiles/CMakeTmp/CMAKE_TRY_COMPILE.build/Debug/cmTC_69dae.build/Objects-normal/x86_64/cmTC_69dae.LinkFileList

CompileC CMAKE_TRY_COMPILE.build/Debug/cmTC_69dae.build/Objects-normal/x86_64/CMakeCCompilerABI.o /usr/local/Cellar/cmake/3.17.2/share/cmake/Modules/CMakeCCompilerABI.c normal x86_64 c com.apple.compilers.llvm.clang.1_0.compiler
    cd /Users/Charing/Code/Kidnapped-Vehicle/CMakeFiles/CMakeTmp
    /Applications/Xcode.app/Contents/Developer/Toolchains/XcodeDefault.xctoolchain/usr/bin/clang -x c -arch x86_64 -fmessage-length=0 -fdiagnostics-show-note-include-stack -fmacro-backtrace-limit=0 -Wno-trigraphs -fpascal-strings -O0 -Wno-missing-field-initializers -Wno-missing-prototypes -Wno-return-type -Wno-missing-braces -Wparentheses -Wswitch -Wno-unused-function -Wno-unused-label -Wno-unused-parameter -Wno-unused-variable -Wunused-value -Wno-empty-body -Wno-uninitialized -Wno-unknown-pragmas -Wno-shadow -Wno-four-char-constants -Wno-conversion -Wno-constant-conversion -Wno-int-conversion -Wno-bool-conversion -Wno-enum-conversion -Wno-float-conversion -Wno-non-literal-null-conversion -Wno-objc-literal-conversion -Wno-shorten-64-to-32 -Wpointer-sign -Wno-newline-eof -DCMAKE_INTDIR=\"Debug\" -isysroot /Applications/Xcode.app/Contents/Developer/Platforms/MacOSX.platform/Developer/SDKs/MacOSX10.14.sdk -fasm-blocks -fstrict-aliasing -Wdeprecated-declarations -mmacosx-version-min=10.13 -g -Wno-sign-conversion -Wno-infinite-recursion -Wno-comma -Wno-block-capture-autoreleasing -Wno-strict-prototypes -Wno-semicolon-before-method-body -I/Users/Charing/Code/Kidnapped-Vehicle/CMakeFiles/CMakeTmp/Debug/include -I/Users/Charing/Code/Kidnapped-Vehicle/CMakeFiles/CMakeTmp/CMAKE_TRY_COMPILE.build/Debug/cmTC_69dae.build/DerivedSources/x86_64 -I/Users/Charing/Code/Kidnapped-Vehicle/CMakeFiles/CMakeTmp/CMAKE_TRY_COMPILE.build/Debug/cmTC_69dae.build/DerivedSources -F/Users/Charing/Code/Kidnapped-Vehicle/CMakeFiles/CMakeTmp/Debug -v -Wl,-v -MMD -MT dependencies -MF /Users/Charing/Code/Kidnapped-Vehicle/CMakeFiles/CMakeTmp/CMAKE_TRY_COMPILE.build/Debug/cmTC_69dae.build/Objects-normal/x86_64/CMakeCCompilerABI.d --serialize-diagnostics /Users/Charing/Code/Kidnapped-Vehicle/CMakeFiles/CMakeTmp/CMAKE_TRY_COMPILE.build/Debug/cmTC_69dae.build/Objects-normal/x86_64/CMakeCCompilerABI.dia -c /usr/local/Cellar/cmake/3.17.2/share/cmake/Modules/CMakeCCompilerABI.c -o /Users/Charing/Code/Kidnapped-Vehicle/CMakeFiles/CMakeTmp/CMAKE_TRY_COMPILE.build/Debug/cmTC_69dae.build/Objects-normal/x86_64/CMakeCCompilerABI.o
Apple LLVM version 10.0.0 (clang-1000.11.45.5)
Target: x86_64-apple-darwin17.7.0
Thread model: posix
InstalledDir: /Applications/Xcode.app/Contents/Developer/Toolchains/XcodeDefault.xctoolchain/usr/bin
clang: warning: -Wl,-v: 'linker' input unused [-Wunused-command-line-argument]
 "/Applications/Xcode.app/Contents/Developer/Toolchains/XcodeDefault.xctoolchain/usr/bin/clang" -cc1 -triple x86_64-apple-macosx10.13.0 -Wdeprecated-objc-isa-usage -Werror=deprecated-objc-isa-usage -emit-obj -mrelax-all -disable-free -disable-llvm-verifier -discard-value-names -main-file-name CMakeCCompilerABI.c -mrelocation-model pic -pic-level 2 -mthread-model posix -mdisable-fp-elim -fno-strict-return -masm-verbose -munwind-tables -target-cpu penryn -dwarf-column-info -debug-info-kind=standalone -dwarf-version=4 -debugger-tuning=lldb -target-linker-version 409.12 -v -coverage-notes-file /Users/Charing/Code/Kidnapped-Vehicle/CMakeFiles/CMakeTmp/CMAKE_TRY_COMPILE.build/Debug/cmTC_69dae.build/Objects-normal/x86_64/CMakeCCompilerABI.gcno -resource-dir /Applications/Xcode.app/Contents/Developer/Toolchains/XcodeDefault.xctoolchain/usr/lib/clang/10.0.0 -dependency-file /Users/Charing/Code/Kidnapped-Vehicle/CMakeFiles/CMakeTmp/CMAKE_TRY_COMPILE.build/Debug/cmTC_69dae.build/Objects-normal/x86_64/CMakeCCompilerABI.d -skip-unused-modulemap-deps -MT dependencies -isysroot /Applications/Xcode.app/Contents/Developer/Platforms/MacOSX.platform/Developer/SDKs/MacOSX10.14.sdk -D "CMAKE_INTDIR=\"Debug\"" -I /Users/Charing/Code/Kidnapped-Vehicle/CMakeFiles/CMakeTmp/Debug/include -I /Users/Charing/Code/Kidnapped-Vehicle/CMakeFiles/CMakeTmp/CMAKE_TRY_COMPILE.build/Debug/cmTC_69dae.build/DerivedSources/x86_64 -I /Users/Charing/Code/Kidnapped-Vehicle/CMakeFiles/CMakeTmp/CMAKE_TRY_COMPILE.build/Debug/cmTC_69dae.build/DerivedSources -F/Users/Charing/Code/Kidnapped-Vehicle/CMakeFiles/CMakeTmp/Debug -O0 -Wno-trigraphs -Wno-missing-field-initializers -Wno-missing-prototypes -Wno-return-type -Wno-missing-braces -Wparentheses -Wswitch -Wno-unused-function -Wno-unused-label -Wno-unused-parameter -Wno-unused-variable -Wunused-value -Wno-empty-body -Wno-uninitialized -Wno-unknown-pragmas -Wno-shadow -Wno-four-char-constants -Wno-conversion -Wno-constant-conversion -Wno-int-conversion -Wno-bool-conversion -Wno-enum-conversion -Wno-float-conversion -Wno-non-literal-null-conversion -Wno-objc-literal-conversion -Wno-shorten-64-to-32 -Wpointer-sign -Wno-newline-eof -Wdeprecated-declarations -Wno-sign-conversion -Wno-infinite-recursion -Wno-comma -Wno-block-capture-autoreleasing -Wno-strict-prototypes -Wno-semicolon-before-method-body -fdebug-compilation-dir /Users/Charing/Code/Kidnapped-Vehicle/CMakeFiles/CMakeTmp -ferror-limit 19 -fmacro-backtrace-limit 0 -fmessage-length 0 -stack-protector 1 -fblocks -fencode-extended-block-signature -fobjc-runtime=macosx-10.13.0 -fpascal-strings -fmax-type-align=16 -fdiagnostics-show-option -fdiagnostics-show-note-include-stack -fasm-blocks -serialize-diagnostic-file /Users/Charing/Code/Kidnapped-Vehicle/CMakeFiles/CMakeTmp/CMAKE_TRY_COMPILE.build/Debug/cmTC_69dae.build/Objects-normal/x86_64/CMakeCCompilerABI.dia -o /Users/Charing/Code/Kidnapped-Vehicle/CMakeFiles/CMakeTmp/CMAKE_TRY_COMPILE.build/Debug/cmTC_69dae.build/Objects-normal/x86_64/CMakeCCompilerABI.o -x c /usr/local/Cellar/cmake/3.17.2/share/cmake/Modules/CMakeCCompilerABI.c
clang -cc1 version 10.0.0 (clang-1000.11.45.5) default target x86_64-apple-darwin17.7.0
ignoring nonexistent directory "/Users/Charing/Code/Kidnapped-Vehicle/CMakeFiles/CMakeTmp/Debug/include"
ignoring nonexistent directory "/Users/Charing/Code/Kidnapped-Vehicle/CMakeFiles/CMakeTmp/CMAKE_TRY_COMPILE.build/Debug/cmTC_69dae.build/DerivedSources/x86_64"
ignoring nonexistent directory "/Users/Charing/Code/Kidnapped-Vehicle/CMakeFiles/CMakeTmp/CMAKE_TRY_COMPILE.build/Debug/cmTC_69dae.build/DerivedSources"
ignoring nonexistent directory "/Users/Charing/Code/Kidnapped-Vehicle/CMakeFiles/CMakeTmp/Debug"
ignoring nonexistent directory "/Applications/Xcode.app/Contents/Developer/Platforms/MacOSX.platform/Developer/SDKs/MacOSX10.14.sdk/usr/local/include"
ignoring nonexistent directory "/Applications/Xcode.app/Contents/Developer/Platforms/MacOSX.platform/Developer/SDKs/MacOSX10.14.sdk/Library/Frameworks"
#include "..." search starts here:
#include <...> search starts here:
 /Applications/Xcode.app/Contents/Developer/Toolchains/XcodeDefault.xctoolchain/usr/lib/clang/10.0.0/include
 /Applications/Xcode.app/Contents/Developer/Toolchains/XcodeDefault.xctoolchain/usr/include
 /Applications/Xcode.app/Contents/Developer/Platforms/MacOSX.platform/Developer/SDKs/MacOSX10.14.sdk/usr/include
 /Applications/Xcode.app/Contents/Developer/Platforms/MacOSX.platform/Developer/SDKs/MacOSX10.14.sdk/System/Library/Frameworks (framework directory)
End of search list.

Ld Debug/cmTC_69dae normal x86_64
    cd /Users/Charing/Code/Kidnapped-Vehicle/CMakeFiles/CMakeTmp
    /Applications/Xcode.app/Contents/Developer/Toolchains/XcodeDefault.xctoolchain/usr/bin/clang -arch x86_64 -isysroot /Applications/Xcode.app/Contents/Developer/Platforms/MacOSX.platform/Developer/SDKs/MacOSX10.14.sdk -L/Users/Charing/Code/Kidnapped-Vehicle/CMakeFiles/CMakeTmp/Debug -F/Users/Charing/Code/Kidnapped-Vehicle/CMakeFiles/CMakeTmp/Debug -filelist /Users/Charing/Code/Kidnapped-Vehicle/CMakeFiles/CMakeTmp/CMAKE_TRY_COMPILE.build/Debug/cmTC_69dae.build/Objects-normal/x86_64/cmTC_69dae.LinkFileList -mmacosx-version-min=10.13 -Xlinker -object_path_lto -Xlinker /Users/Charing/Code/Kidnapped-Vehicle/CMakeFiles/CMakeTmp/CMAKE_TRY_COMPILE.build/Debug/cmTC_69dae.build/Objects-normal/x86_64/cmTC_69dae_lto.o -Xlinker -no_deduplicate -v -Wl,-v -Wl,-search_paths_first -Wl,-headerpad_max_install_names -Xlinker -dependency_info -Xlinker /Users/Charing/Code/Kidnapped-Vehicle/CMakeFiles/CMakeTmp/CMAKE_TRY_COMPILE.build/Debug/cmTC_69dae.build/Objects-normal/x86_64/cmTC_69dae_dependency_info.dat -o /Users/Charing/Code/Kidnapped-Vehicle/CMakeFiles/CMakeTmp/Debug/cmTC_69dae
Apple LLVM version 10.0.0 (clang-1000.11.45.5)
Target: x86_64-apple-darwin17.7.0
Thread model: posix
InstalledDir: /Applications/Xcode.app/Contents/Developer/Toolchains/XcodeDefault.xctoolchain/usr/bin
 "/Applications/Xcode.app/Contents/Developer/Toolchains/XcodeDefault.xctoolchain/usr/bin/ld" -demangle -lto_library /Applications/Xcode.app/Contents/Developer/Toolchains/XcodeDefault.xctoolchain/usr/lib/libLTO.dylib -dynamic -arch x86_64 -macosx_version_min 10.13.0 -syslibroot /Applications/Xcode.app/Contents/Developer/Platforms/MacOSX.platform/Developer/SDKs/MacOSX10.14.sdk -o /Users/Charing/Code/Kidnapped-Vehicle/CMakeFiles/CMakeTmp/Debug/cmTC_69dae -L/Users/Charing/Code/Kidnapped-Vehicle/CMakeFiles/CMakeTmp/Debug -filelist /Users/Charing/Code/Kidnapped-Vehicle/CMakeFiles/CMakeTmp/CMAKE_TRY_COMPILE.build/Debug/cmTC_69dae.build/Objects-normal/x86_64/cmTC_69dae.LinkFileList -object_path_lto /Users/Charing/Code/Kidnapped-Vehicle/CMakeFiles/CMakeTmp/CMAKE_TRY_COMPILE.build/Debug/cmTC_69dae.build/Objects-normal/x86_64/cmTC_69dae_lto.o -no_deduplicate -v -search_paths_first -headerpad_max_install_names -dependency_info /Users/Charing/Code/Kidnapped-Vehicle/CMakeFiles/CMakeTmp/CMAKE_TRY_COMPILE.build/Debug/cmTC_69dae.build/Objects-normal/x86_64/cmTC_69dae_dependency_info.dat -lSystem /Applications/Xcode.app/Contents/Developer/Toolchains/XcodeDefault.xctoolchain/usr/lib/clang/10.0.0/lib/darwin/libclang_rt.osx.a -F/Users/Charing/Code/Kidnapped-Vehicle/CMakeFiles/CMakeTmp/Debug
@(#)PROGRAM:ld  PROJECT:ld64-409.12
BUILD 17:47:51 Sep 25 2018
configured to support archs: armv6 armv7 armv7s arm64 i386 x86_64 x86_64h armv6m armv7k armv7m armv7em arm64e arm64_32
Library search paths:
	/Users/Charing/Code/Kidnapped-Vehicle/CMakeFiles/CMakeTmp/Debug
	/Applications/Xcode.app/Contents/Developer/Platforms/MacOSX.platform/Developer/SDKs/MacOSX10.14.sdk/usr/lib
Framework search paths:
	/Users/Charing/Code/Kidnapped-Vehicle/CMakeFiles/CMakeTmp/Debug
	/Applications/Xcode.app/Contents/Developer/Platforms/MacOSX.platform/Developer/SDKs/MacOSX10.14.sdk/System/Library/Frameworks/

** BUILD SUCCEEDED **




Parsed C implicit include dir info from above output: rv=done
  found start of include info
  found start of implicit include info
    add: [/Applications/Xcode.app/Contents/Developer/Toolchains/XcodeDefault.xctoolchain/usr/lib/clang/10.0.0/include]
    add: [/Applications/Xcode.app/Contents/Developer/Toolchains/XcodeDefault.xctoolchain/usr/include]
    add: [/Applications/Xcode.app/Contents/Developer/Platforms/MacOSX.platform/Developer/SDKs/MacOSX10.14.sdk/usr/include]
  end of search list found
  collapse include dir [/Applications/Xcode.app/Contents/Developer/Toolchains/XcodeDefault.xctoolchain/usr/lib/clang/10.0.0/include] ==> [/Applications/Xcode.app/Contents/Developer/Toolchains/XcodeDefault.xctoolchain/usr/lib/clang/10.0.0/include]
  collapse include dir [/Applications/Xcode.app/Contents/Developer/Toolchains/XcodeDefault.xctoolchain/usr/include] ==> [/Applications/Xcode.app/Contents/Developer/Toolchains/XcodeDefault.xctoolchain/usr/include]
  collapse include dir [/Applications/Xcode.app/Contents/Developer/Platforms/MacOSX.platform/Developer/SDKs/MacOSX10.14.sdk/usr/include] ==> [/Applications/Xcode.app/Contents/Developer/Platforms/MacOSX.platform/Developer/SDKs/MacOSX10.14.sdk/usr/include]
  implicit include dirs: [/Applications/Xcode.app/Contents/Developer/Toolchains/XcodeDefault.xctoolchain/usr/lib/clang/10.0.0/include;/Applications/Xcode.app/Contents/Developer/Toolchains/XcodeDefault.xctoolchain/usr/include;/Applications/Xcode.app/Contents/Developer/Platforms/MacOSX.platform/Developer/SDKs/MacOSX10.14.sdk/usr/include]


Parsed C implicit link information from above output:
  link line regex: [^( *|.*[/\])(ld|CMAKE_LINK_STARTFILE-NOTFOUND|([^/\]+-)?ld|collect2)[^/\]*( |$)]
  ignore line: [Change Dir: /Users/Charing/Code/Kidnapped-Vehicle/CMakeFiles/CMakeTmp]
  ignore line: []
  ignore line: [Run Build Command(s):/usr/bin/xcodebuild -project CMAKE_TRY_COMPILE.xcodeproj build -target cmTC_69dae -configuration Debug -hideShellScriptEnvironment && User defaults from command line:]
  ignore line: [    HideShellScriptEnvironment = YES]
  ignore line: []
  ignore line: [Prepare build]
  ignore line: [note: Using legacy build system]
  ignore line: []
  ignore line: [=== BUILD TARGET cmTC_69dae OF PROJECT CMAKE_TRY_COMPILE WITH CONFIGURATION Debug ===]
  ignore line: []
  ignore line: [Check dependencies]
  ignore line: []
  ignore line: [Write auxiliary files]
  ignore line: [/bin/mkdir -p /Users/Charing/Code/Kidnapped-Vehicle/CMakeFiles/CMakeTmp/CMAKE_TRY_COMPILE.build/Debug/cmTC_69dae.build/Objects-normal/x86_64]
  ignore line: [write-file /Users/Charing/Code/Kidnapped-Vehicle/CMakeFiles/CMakeTmp/CMAKE_TRY_COMPILE.build/Debug/cmTC_69dae.build/Objects-normal/x86_64/cmTC_69dae.LinkFileList]
  ignore line: []
  ignore line: [CompileC CMAKE_TRY_COMPILE.build/Debug/cmTC_69dae.build/Objects-normal/x86_64/CMakeCCompilerABI.o /usr/local/Cellar/cmake/3.17.2/share/cmake/Modules/CMakeCCompilerABI.c normal x86_64 c com.apple.compilers.llvm.clang.1_0.compiler]
  ignore line: [    cd /Users/Charing/Code/Kidnapped-Vehicle/CMakeFiles/CMakeTmp]
  ignore line: [    /Applications/Xcode.app/Contents/Developer/Toolchains/XcodeDefault.xctoolchain/usr/bin/clang -x c -arch x86_64 -fmessage-length=0 -fdiagnostics-show-note-include-stack -fmacro-backtrace-limit=0 -Wno-trigraphs -fpascal-strings -O0 -Wno-missing-field-initializers -Wno-missing-prototypes -Wno-return-type -Wno-missing-braces -Wparentheses -Wswitch -Wno-unused-function -Wno-unused-label -Wno-unused-parameter -Wno-unused-variable -Wunused-value -Wno-empty-body -Wno-uninitialized -Wno-unknown-pragmas -Wno-shadow -Wno-four-char-constants -Wno-conversion -Wno-constant-conversion -Wno-int-conversion -Wno-bool-conversion -Wno-enum-conversion -Wno-float-conversion -Wno-non-literal-null-conversion -Wno-objc-literal-conversion -Wno-shorten-64-to-32 -Wpointer-sign -Wno-newline-eof -DCMAKE_INTDIR=\"Debug\" -isysroot /Applications/Xcode.app/Contents/Developer/Platforms/MacOSX.platform/Developer/SDKs/MacOSX10.14.sdk -fasm-blocks -fstrict-aliasing -Wdeprecated-declarations -mmacosx-version-min=10.13 -g -Wno-sign-conversion -Wno-infinite-recursion -Wno-comma -Wno-block-capture-autoreleasing -Wno-strict-prototypes -Wno-semicolon-before-method-body -I/Users/Charing/Code/Kidnapped-Vehicle/CMakeFiles/CMakeTmp/Debug/include -I/Users/Charing/Code/Kidnapped-Vehicle/CMakeFiles/CMakeTmp/CMAKE_TRY_COMPILE.build/Debug/cmTC_69dae.build/DerivedSources/x86_64 -I/Users/Charing/Code/Kidnapped-Vehicle/CMakeFiles/CMakeTmp/CMAKE_TRY_COMPILE.build/Debug/cmTC_69dae.build/DerivedSources -F/Users/Charing/Code/Kidnapped-Vehicle/CMakeFiles/CMakeTmp/Debug -v -Wl -v -MMD -MT dependencies -MF /Users/Charing/Code/Kidnapped-Vehicle/CMakeFiles/CMakeTmp/CMAKE_TRY_COMPILE.build/Debug/cmTC_69dae.build/Objects-normal/x86_64/CMakeCCompilerABI.d --serialize-diagnostics /Users/Charing/Code/Kidnapped-Vehicle/CMakeFiles/CMakeTmp/CMAKE_TRY_COMPILE.build/Debug/cmTC_69dae.build/Objects-normal/x86_64/CMakeCCompilerABI.dia -c /usr/local/Cellar/cmake/3.17.2/share/cmake/Modules/CMakeCCompilerABI.c -o /Users/Charing/Code/Kidnapped-Vehicle/CMakeFiles/CMakeTmp/CMAKE_TRY_COMPILE.build/Debug/cmTC_69dae.build/Objects-normal/x86_64/CMakeCCompilerABI.o]
  ignore line: [Apple LLVM version 10.0.0 (clang-1000.11.45.5)]
  ignore line: [Target: x86_64-apple-darwin17.7.0]
  ignore line: [Thread model: posix]
  ignore line: [InstalledDir: /Applications/Xcode.app/Contents/Developer/Toolchains/XcodeDefault.xctoolchain/usr/bin]
  ignore line: [clang: warning: -Wl -v: 'linker' input unused [-Wunused-command-line-argument]]
  ignore line: [ "/Applications/Xcode.app/Contents/Developer/Toolchains/XcodeDefault.xctoolchain/usr/bin/clang" -cc1 -triple x86_64-apple-macosx10.13.0 -Wdeprecated-objc-isa-usage -Werror=deprecated-objc-isa-usage -emit-obj -mrelax-all -disable-free -disable-llvm-verifier -discard-value-names -main-file-name CMakeCCompilerABI.c -mrelocation-model pic -pic-level 2 -mthread-model posix -mdisable-fp-elim -fno-strict-return -masm-verbose -munwind-tables -target-cpu penryn -dwarf-column-info -debug-info-kind=standalone -dwarf-version=4 -debugger-tuning=lldb -target-linker-version 409.12 -v -coverage-notes-file /Users/Charing/Code/Kidnapped-Vehicle/CMakeFiles/CMakeTmp/CMAKE_TRY_COMPILE.build/Debug/cmTC_69dae.build/Objects-normal/x86_64/CMakeCCompilerABI.gcno -resource-dir /Applications/Xcode.app/Contents/Developer/Toolchains/XcodeDefault.xctoolchain/usr/lib/clang/10.0.0 -dependency-file /Users/Charing/Code/Kidnapped-Vehicle/CMakeFiles/CMakeTmp/CMAKE_TRY_COMPILE.build/Debug/cmTC_69dae.build/Objects-normal/x86_64/CMakeCCompilerABI.d -skip-unused-modulemap-deps -MT dependencies -isysroot /Applications/Xcode.app/Contents/Developer/Platforms/MacOSX.platform/Developer/SDKs/MacOSX10.14.sdk -D "CMAKE_INTDIR=\"Debug\"" -I /Users/Charing/Code/Kidnapped-Vehicle/CMakeFiles/CMakeTmp/Debug/include -I /Users/Charing/Code/Kidnapped-Vehicle/CMakeFiles/CMakeTmp/CMAKE_TRY_COMPILE.build/Debug/cmTC_69dae.build/DerivedSources/x86_64 -I /Users/Charing/Code/Kidnapped-Vehicle/CMakeFiles/CMakeTmp/CMAKE_TRY_COMPILE.build/Debug/cmTC_69dae.build/DerivedSources -F/Users/Charing/Code/Kidnapped-Vehicle/CMakeFiles/CMakeTmp/Debug -O0 -Wno-trigraphs -Wno-missing-field-initializers -Wno-missing-prototypes -Wno-return-type -Wno-missing-braces -Wparentheses -Wswitch -Wno-unused-function -Wno-unused-label -Wno-unused-parameter -Wno-unused-variable -Wunused-value -Wno-empty-body -Wno-uninitialized -Wno-unknown-pragmas -Wno-shadow -Wno-four-char-constants -Wno-conversion -Wno-constant-conversion -Wno-int-conversion -Wno-bool-conversion -Wno-enum-conversion -Wno-float-conversion -Wno-non-literal-null-conversion -Wno-objc-literal-conversion -Wno-shorten-64-to-32 -Wpointer-sign -Wno-newline-eof -Wdeprecated-declarations -Wno-sign-conversion -Wno-infinite-recursion -Wno-comma -Wno-block-capture-autoreleasing -Wno-strict-prototypes -Wno-semicolon-before-method-body -fdebug-compilation-dir /Users/Charing/Code/Kidnapped-Vehicle/CMakeFiles/CMakeTmp -ferror-limit 19 -fmacro-backtrace-limit 0 -fmessage-length 0 -stack-protector 1 -fblocks -fencode-extended-block-signature -fobjc-runtime=macosx-10.13.0 -fpascal-strings -fmax-type-align=16 -fdiagnostics-show-option -fdiagnostics-show-note-include-stack -fasm-blocks -serialize-diagnostic-file /Users/Charing/Code/Kidnapped-Vehicle/CMakeFiles/CMakeTmp/CMAKE_TRY_COMPILE.build/Debug/cmTC_69dae.build/Objects-normal/x86_64/CMakeCCompilerABI.dia -o /Users/Charing/Code/Kidnapped-Vehicle/CMakeFiles/CMakeTmp/CMAKE_TRY_COMPILE.build/Debug/cmTC_69dae.build/Objects-normal/x86_64/CMakeCCompilerABI.o -x c /usr/local/Cellar/cmake/3.17.2/share/cmake/Modules/CMakeCCompilerABI.c]
  ignore line: [clang -cc1 version 10.0.0 (clang-1000.11.45.5) default target x86_64-apple-darwin17.7.0]
  ignore line: [ignoring nonexistent directory "/Users/Charing/Code/Kidnapped-Vehicle/CMakeFiles/CMakeTmp/Debug/include"]
  ignore line: [ignoring nonexistent directory "/Users/Charing/Code/Kidnapped-Vehicle/CMakeFiles/CMakeTmp/CMAKE_TRY_COMPILE.build/Debug/cmTC_69dae.build/DerivedSources/x86_64"]
  ignore line: [ignoring nonexistent directory "/Users/Charing/Code/Kidnapped-Vehicle/CMakeFiles/CMakeTmp/CMAKE_TRY_COMPILE.build/Debug/cmTC_69dae.build/DerivedSources"]
  ignore line: [ignoring nonexistent directory "/Users/Charing/Code/Kidnapped-Vehicle/CMakeFiles/CMakeTmp/Debug"]
  ignore line: [ignoring nonexistent directory "/Applications/Xcode.app/Contents/Developer/Platforms/MacOSX.platform/Developer/SDKs/MacOSX10.14.sdk/usr/local/include"]
  ignore line: [ignoring nonexistent directory "/Applications/Xcode.app/Contents/Developer/Platforms/MacOSX.platform/Developer/SDKs/MacOSX10.14.sdk/Library/Frameworks"]
  ignore line: [#include "..." search starts here:]
  ignore line: [#include <...> search starts here:]
  ignore line: [ /Applications/Xcode.app/Contents/Developer/Toolchains/XcodeDefault.xctoolchain/usr/lib/clang/10.0.0/include]
  ignore line: [ /Applications/Xcode.app/Contents/Developer/Toolchains/XcodeDefault.xctoolchain/usr/include]
  ignore line: [ /Applications/Xcode.app/Contents/Developer/Platforms/MacOSX.platform/Developer/SDKs/MacOSX10.14.sdk/usr/include]
  ignore line: [ /Applications/Xcode.app/Contents/Developer/Platforms/MacOSX.platform/Developer/SDKs/MacOSX10.14.sdk/System/Library/Frameworks (framework directory)]
  ignore line: [End of search list.]
  ignore line: []
  ignore line: [Ld Debug/cmTC_69dae normal x86_64]
  ignore line: [    cd /Users/Charing/Code/Kidnapped-Vehicle/CMakeFiles/CMakeTmp]
  ignore line: [    /Applications/Xcode.app/Contents/Developer/Toolchains/XcodeDefault.xctoolchain/usr/bin/clang -arch x86_64 -isysroot /Applications/Xcode.app/Contents/Developer/Platforms/MacOSX.platform/Developer/SDKs/MacOSX10.14.sdk -L/Users/Charing/Code/Kidnapped-Vehicle/CMakeFiles/CMakeTmp/Debug -F/Users/Charing/Code/Kidnapped-Vehicle/CMakeFiles/CMakeTmp/Debug -filelist /Users/Charing/Code/Kidnapped-Vehicle/CMakeFiles/CMakeTmp/CMAKE_TRY_COMPILE.build/Debug/cmTC_69dae.build/Objects-normal/x86_64/cmTC_69dae.LinkFileList -mmacosx-version-min=10.13 -Xlinker -object_path_lto -Xlinker /Users/Charing/Code/Kidnapped-Vehicle/CMakeFiles/CMakeTmp/CMAKE_TRY_COMPILE.build/Debug/cmTC_69dae.build/Objects-normal/x86_64/cmTC_69dae_lto.o -Xlinker -no_deduplicate -v -Wl -v -Wl -search_paths_first -Wl -headerpad_max_install_names -Xlinker -dependency_info -Xlinker /Users/Charing/Code/Kidnapped-Vehicle/CMakeFiles/CMakeTmp/CMAKE_TRY_COMPILE.build/Debug/cmTC_69dae.build/Objects-normal/x86_64/cmTC_69dae_dependency_info.dat -o /Users/Charing/Code/Kidnapped-Vehicle/CMakeFiles/CMakeTmp/Debug/cmTC_69dae]
  ignore line: [Apple LLVM version 10.0.0 (clang-1000.11.45.5)]
  ignore line: [Target: x86_64-apple-darwin17.7.0]
  ignore line: [Thread model: posix]
  ignore line: [InstalledDir: /Applications/Xcode.app/Contents/Developer/Toolchains/XcodeDefault.xctoolchain/usr/bin]
  reduced line: [ "/Applications/Xcode.app/Contents/Developer/Toolchains/XcodeDefault.xctoolchain/usr/bin/ld" -demangle -lto_library /Applications/Xcode.app/Contents/Developer/Toolchains/XcodeDefault.xctoolchain/usr/lib/libLTO.dylib -dynamic -arch x86_64 -macosx_version_min 10.13.0 -syslibroot /Applications/Xcode.app/Contents/Developer/Platforms/MacOSX.platform/Developer/SDKs/MacOSX10.14.sdk -o /Users/Charing/Code/Kidnapped-Vehicle/CMakeFiles/CMakeTmp/Debug/cmTC_69dae -L/Users/Charing/Code/Kidnapped-Vehicle/CMakeFiles/CMakeTmp/Debug -filelist /Users/Charing/Code/Kidnapped-Vehicle/CMakeFiles/CMakeTmp/CMAKE_TRY_COMPILE.build/Debug/cmTC_69dae.build/Objects-normal/x86_64/cmTC_69dae.LinkFileList -object_path_lto /Users/Charing/Code/Kidnapped-Vehicle/CMakeFiles/CMakeTmp/CMAKE_TRY_COMPILE.build/Debug/cmTC_69dae.build/Objects-normal/x86_64/cmTC_69dae_lto.o -no_deduplicate -v -search_paths_first -headerpad_max_install_names -dependency_info /Users/Charing/Code/Kidnapped-Vehicle/CMakeFiles/CMakeTmp/CMAKE_TRY_COMPILE.build/Debug/cmTC_69dae.build/Objects-normal/x86_64/cmTC_69dae_dependency_info.dat -lSystem /Applications/Xcode.app/Contents/Developer/Toolchains/XcodeDefault.xctoolchain/usr/lib/clang/10.0.0/lib/darwin/libclang_rt.osx.a -F/Users/Charing/Code/Kidnapped-Vehicle/CMakeFiles/CMakeTmp/Debug]
            to: [ "/Applications/Xcode.app/Contents/Developer/Toolchains/XcodeDefault.xctoolchain/usr/bin/ld" -demangle -lto_library /Applications/Xcode.app/Contents/Developer/Toolchains/XcodeDefault.xctoolchain/usr/lib/libLTO.dylib -dynamic -arch x86_64 -macosx_version_min 10.13.0 -syslibroot /Applications/Xcode.app/Contents/Developer/Platforms/MacOSX.platform/Developer/SDKs/MacOSX10.14.sdk -o /Users/Charing/Code/Kidnapped-Vehicle/CMakeFiles/CMakeTmp/Debug/cmTC_69dae -filelist /Users/Charing/Code/Kidnapped-Vehicle/CMakeFiles/CMakeTmp/CMAKE_TRY_COMPILE.build/Debug/cmTC_69dae.build/Objects-normal/x86_64/cmTC_69dae.LinkFileList -object_path_lto /Users/Charing/Code/Kidnapped-Vehicle/CMakeFiles/CMakeTmp/CMAKE_TRY_COMPILE.build/Debug/cmTC_69dae.build/Objects-normal/x86_64/cmTC_69dae_lto.o -no_deduplicate -v -search_paths_first -headerpad_max_install_names -dependency_info /Users/Charing/Code/Kidnapped-Vehicle/CMakeFiles/CMakeTmp/CMAKE_TRY_COMPILE.build/Debug/cmTC_69dae.build/Objects-normal/x86_64/cmTC_69dae_dependency_info.dat -lSystem /Applications/Xcode.app/Contents/Developer/Toolchains/XcodeDefault.xctoolchain/usr/lib/clang/10.0.0/lib/darwin/libclang_rt.osx.a ]
  link line: [ "/Applications/Xcode.app/Contents/Developer/Toolchains/XcodeDefault.xctoolchain/usr/bin/ld" -demangle -lto_library /Applications/Xcode.app/Contents/Developer/Toolchains/XcodeDefault.xctoolchain/usr/lib/libLTO.dylib -dynamic -arch x86_64 -macosx_version_min 10.13.0 -syslibroot /Applications/Xcode.app/Contents/Developer/Platforms/MacOSX.platform/Developer/SDKs/MacOSX10.14.sdk -o /Users/Charing/Code/Kidnapped-Vehicle/CMakeFiles/CMakeTmp/Debug/cmTC_69dae -filelist /Users/Charing/Code/Kidnapped-Vehicle/CMakeFiles/CMakeTmp/CMAKE_TRY_COMPILE.build/Debug/cmTC_69dae.build/Objects-normal/x86_64/cmTC_69dae.LinkFileList -object_path_lto /Users/Charing/Code/Kidnapped-Vehicle/CMakeFiles/CMakeTmp/CMAKE_TRY_COMPILE.build/Debug/cmTC_69dae.build/Objects-normal/x86_64/cmTC_69dae_lto.o -no_deduplicate -v -search_paths_first -headerpad_max_install_names -dependency_info /Users/Charing/Code/Kidnapped-Vehicle/CMakeFiles/CMakeTmp/CMAKE_TRY_COMPILE.build/Debug/cmTC_69dae.build/Objects-normal/x86_64/cmTC_69dae_dependency_info.dat -lSystem /Applications/Xcode.app/Contents/Developer/Toolchains/XcodeDefault.xctoolchain/usr/lib/clang/10.0.0/lib/darwin/libclang_rt.osx.a ]
    arg [/Applications/Xcode.app/Contents/Developer/Toolchains/XcodeDefault.xctoolchain/usr/bin/ld] ==> ignore
    arg [-demangle] ==> ignore
    arg [-lto_library] ==> ignore, skip following value
    arg [/Applications/Xcode.app/Contents/Developer/Toolchains/XcodeDefault.xctoolchain/usr/lib/libLTO.dylib] ==> skip value of -lto_library
    arg [-dynamic] ==> ignore
    arg [-arch] ==> ignore
    arg [x86_64] ==> ignore
    arg [-macosx_version_min] ==> ignore
    arg [10.13.0] ==> ignore
    arg [-syslibroot] ==> ignore
    arg [/Applications/Xcode.app/Contents/Developer/Platforms/MacOSX.platform/Developer/SDKs/MacOSX10.14.sdk] ==> ignore
    arg [-o] ==> ignore
    arg [/Users/Charing/Code/Kidnapped-Vehicle/CMakeFiles/CMakeTmp/Debug/cmTC_69dae] ==> ignore
    arg [-filelist] ==> ignore
    arg [/Users/Charing/Code/Kidnapped-Vehicle/CMakeFiles/CMakeTmp/CMAKE_TRY_COMPILE.build/Debug/cmTC_69dae.build/Objects-normal/x86_64/cmTC_69dae.LinkFileList] ==> ignore
    arg [-object_path_lto] ==> ignore
    arg [/Users/Charing/Code/Kidnapped-Vehicle/CMakeFiles/CMakeTmp/CMAKE_TRY_COMPILE.build/Debug/cmTC_69dae.build/Objects-normal/x86_64/cmTC_69dae_lto.o] ==> ignore
    arg [-no_deduplicate] ==> ignore
    arg [-v] ==> ignore
    arg [-search_paths_first] ==> ignore
    arg [-headerpad_max_install_names] ==> ignore
    arg [-dependency_info] ==> ignore
    arg [/Users/Charing/Code/Kidnapped-Vehicle/CMakeFiles/CMakeTmp/CMAKE_TRY_COMPILE.build/Debug/cmTC_69dae.build/Objects-normal/x86_64/cmTC_69dae_dependency_info.dat] ==> ignore
    arg [-lSystem] ==> lib [System]
    arg [/Applications/Xcode.app/Contents/Developer/Toolchains/XcodeDefault.xctoolchain/usr/lib/clang/10.0.0/lib/darwin/libclang_rt.osx.a] ==> lib [/Applications/Xcode.app/Contents/Developer/Toolchains/XcodeDefault.xctoolchain/usr/lib/clang/10.0.0/lib/darwin/libclang_rt.osx.a]
  Library search paths: [;/Users/Charing/Code/Kidnapped-Vehicle/CMakeFiles/CMakeTmp/Debug;/Applications/Xcode.app/Contents/Developer/Platforms/MacOSX.platform/Developer/SDKs/MacOSX10.14.sdk/usr/lib]
  Framework search paths: [;/Users/Charing/Code/Kidnapped-Vehicle/CMakeFiles/CMakeTmp/Debug;/Applications/Xcode.app/Contents/Developer/Platforms/MacOSX.platform/Developer/SDKs/MacOSX10.14.sdk/System/Library/Frameworks/]
  remove lib [System]
  remove lib [/Applications/Xcode.app/Contents/Developer/Toolchains/XcodeDefault.xctoolchain/usr/lib/clang/10.0.0/lib/darwin/libclang_rt.osx.a]
  collapse library dir [/Users/Charing/Code/Kidnapped-Vehicle/CMakeFiles/CMakeTmp/Debug] ==> [/Users/Charing/Code/Kidnapped-Vehicle/CMakeFiles/CMakeTmp/Debug], skipping non-system directory
  collapse library dir [/Applications/Xcode.app/Contents/Developer/Platforms/MacOSX.platform/Developer/SDKs/MacOSX10.14.sdk/usr/lib] ==> [/Applications/Xcode.app/Contents/Developer/Platforms/MacOSX.platform/Developer/SDKs/MacOSX10.14.sdk/usr/lib]
  collapse framework dir [/Users/Charing/Code/Kidnapped-Vehicle/CMakeFiles/CMakeTmp/Debug] ==> [/Users/Charing/Code/Kidnapped-Vehicle/CMakeFiles/CMakeTmp/Debug], skipping non-system directory
  collapse framework dir [/Applications/Xcode.app/Contents/Developer/Platforms/MacOSX.platform/Developer/SDKs/MacOSX10.14.sdk/System/Library/Frameworks/] ==> [/Applications/Xcode.app/Contents/Developer/Platforms/MacOSX.platform/Developer/SDKs/MacOSX10.14.sdk/System/Library/Frameworks]
  implicit libs: []
  implicit dirs: [/Applications/Xcode.app/Contents/Developer/Platforms/MacOSX.platform/Developer/SDKs/MacOSX10.14.sdk/usr/lib]
  implicit fwks: [/Applications/Xcode.app/Contents/Developer/Platforms/MacOSX.platform/Developer/SDKs/MacOSX10.14.sdk/System/Library/Frameworks]


Determining if the CXX compiler works passed with the following output:
Change Dir: /Users/Charing/Code/Kidnapped-Vehicle/CMakeFiles/CMakeTmp

Run Build Command(s):/usr/bin/xcodebuild -project CMAKE_TRY_COMPILE.xcodeproj build -target cmTC_3c90b -configuration Debug -hideShellScriptEnvironment && User defaults from command line:
    HideShellScriptEnvironment = YES

Prepare build
note: Using legacy build system

=== BUILD TARGET cmTC_3c90b OF PROJECT CMAKE_TRY_COMPILE WITH CONFIGURATION Debug ===

Check dependencies

Write auxiliary files
/bin/mkdir -p /Users/Charing/Code/Kidnapped-Vehicle/CMakeFiles/CMakeTmp/CMAKE_TRY_COMPILE.build/Debug/cmTC_3c90b.build/Objects-normal/x86_64
write-file /Users/Charing/Code/Kidnapped-Vehicle/CMakeFiles/CMakeTmp/CMAKE_TRY_COMPILE.build/Debug/cmTC_3c90b.build/Objects-normal/x86_64/cmTC_3c90b.LinkFileList

CompileC CMAKE_TRY_COMPILE.build/Debug/cmTC_3c90b.build/Objects-normal/x86_64/testCXXCompiler.o testCXXCompiler.cxx normal x86_64 c++ com.apple.compilers.llvm.clang.1_0.compiler
    cd /Users/Charing/Code/Kidnapped-Vehicle/CMakeFiles/CMakeTmp
    /Applications/Xcode.app/Contents/Developer/Toolchains/XcodeDefault.xctoolchain/usr/bin/clang -x c++ -arch x86_64 -fmessage-length=0 -fdiagnostics-show-note-include-stack -fmacro-backtrace-limit=0 -Wno-trigraphs -fpascal-strings -O0 -Wno-missing-field-initializers -Wno-missing-prototypes -Wno-return-type -Wno-non-virtual-dtor -Wno-overloaded-virtual -Wno-exit-time-destructors -Wno-missing-braces -Wparentheses -Wswitch -Wno-unused-function -Wno-unused-label -Wno-unused-parameter -Wno-unused-variable -Wunused-value -Wno-empty-body -Wno-uninitialized -Wno-unknown-pragmas -Wno-shadow -Wno-four-char-constants -Wno-conversion -Wno-constant-conversion -Wno-int-conversion -Wno-bool-conversion -Wno-enum-conversion -Wno-float-conversion -Wno-non-literal-null-conversion -Wno-objc-literal-conversion -Wno-shorten-64-to-32 -Wno-newline-eof -Wno-c++11-extensions -DCMAKE_INTDIR=\"Debug\" -isysroot /Applications/Xcode.app/Contents/Developer/Platforms/MacOSX.platform/Developer/SDKs/MacOSX10.14.sdk -fasm-blocks -fstrict-aliasing -Wdeprecated-declarations -Winvalid-offsetof -mmacosx-version-min=10.13 -g -Wno-sign-conversion -Wno-infinite-recursion -Wno-move -Wno-comma -Wno-block-capture-autoreleasing -Wno-strict-prototypes -Wno-range-loop-analysis -Wno-semicolon-before-method-body -I/Users/Charing/Code/Kidnapped-Vehicle/CMakeFiles/CMakeTmp/Debug/include -I/Users/Charing/Code/Kidnapped-Vehicle/CMakeFiles/CMakeTmp/CMAKE_TRY_COMPILE.build/Debug/cmTC_3c90b.build/DerivedSources/x86_64 -I/Users/Charing/Code/Kidnapped-Vehicle/CMakeFiles/CMakeTmp/CMAKE_TRY_COMPILE.build/Debug/cmTC_3c90b.build/DerivedSources -F/Users/Charing/Code/Kidnapped-Vehicle/CMakeFiles/CMakeTmp/Debug -MMD -MT dependencies -MF /Users/Charing/Code/Kidnapped-Vehicle/CMakeFiles/CMakeTmp/CMAKE_TRY_COMPILE.build/Debug/cmTC_3c90b.build/Objects-normal/x86_64/testCXXCompiler.d --serialize-diagnostics /Users/Charing/Code/Kidnapped-Vehicle/CMakeFiles/CMakeTmp/CMAKE_TRY_COMPILE.build/Debug/cmTC_3c90b.build/Objects-normal/x86_64/testCXXCompiler.dia -c /Users/Charing/Code/Kidnapped-Vehicle/CMakeFiles/CMakeTmp/testCXXCompiler.cxx -o /Users/Charing/Code/Kidnapped-Vehicle/CMakeFiles/CMakeTmp/CMAKE_TRY_COMPILE.build/Debug/cmTC_3c90b.build/Objects-normal/x86_64/testCXXCompiler.o

Ld Debug/cmTC_3c90b normal x86_64
    cd /Users/Charing/Code/Kidnapped-Vehicle/CMakeFiles/CMakeTmp
    /Applications/Xcode.app/Contents/Developer/Toolchains/XcodeDefault.xctoolchain/usr/bin/clang++ -arch x86_64 -isysroot /Applications/Xcode.app/Contents/Developer/Platforms/MacOSX.platform/Developer/SDKs/MacOSX10.14.sdk -L/Users/Charing/Code/Kidnapped-Vehicle/CMakeFiles/CMakeTmp/Debug -F/Users/Charing/Code/Kidnapped-Vehicle/CMakeFiles/CMakeTmp/Debug -filelist /Users/Charing/Code/Kidnapped-Vehicle/CMakeFiles/CMakeTmp/CMAKE_TRY_COMPILE.build/Debug/cmTC_3c90b.build/Objects-normal/x86_64/cmTC_3c90b.LinkFileList -mmacosx-version-min=10.13 -Xlinker -object_path_lto -Xlinker /Users/Charing/Code/Kidnapped-Vehicle/CMakeFiles/CMakeTmp/CMAKE_TRY_COMPILE.build/Debug/cmTC_3c90b.build/Objects-normal/x86_64/cmTC_3c90b_lto.o -Xlinker -no_deduplicate -Wl,-search_paths_first -Wl,-headerpad_max_install_names -Xlinker -dependency_info -Xlinker /Users/Charing/Code/Kidnapped-Vehicle/CMakeFiles/CMakeTmp/CMAKE_TRY_COMPILE.build/Debug/cmTC_3c90b.build/Objects-normal/x86_64/cmTC_3c90b_dependency_info.dat -o /Users/Charing/Code/Kidnapped-Vehicle/CMakeFiles/CMakeTmp/Debug/cmTC_3c90b

** BUILD SUCCEEDED **




Detecting CXX compiler ABI info compiled with the following output:
Change Dir: /Users/Charing/Code/Kidnapped-Vehicle/CMakeFiles/CMakeTmp

Run Build Command(s):/usr/bin/xcodebuild -project CMAKE_TRY_COMPILE.xcodeproj build -target cmTC_427eb -configuration Debug -hideShellScriptEnvironment && User defaults from command line:
    HideShellScriptEnvironment = YES

Prepare build
note: Using legacy build system

=== BUILD TARGET cmTC_427eb OF PROJECT CMAKE_TRY_COMPILE WITH CONFIGURATION Debug ===

Check dependencies

Write auxiliary files
/bin/mkdir -p /Users/Charing/Code/Kidnapped-Vehicle/CMakeFiles/CMakeTmp/CMAKE_TRY_COMPILE.build/Debug/cmTC_427eb.build/Objects-normal/x86_64
write-file /Users/Charing/Code/Kidnapped-Vehicle/CMakeFiles/CMakeTmp/CMAKE_TRY_COMPILE.build/Debug/cmTC_427eb.build/Objects-normal/x86_64/cmTC_427eb.LinkFileList

CompileC CMAKE_TRY_COMPILE.build/Debug/cmTC_427eb.build/Objects-normal/x86_64/CMakeCXXCompilerABI.o /usr/local/Cellar/cmake/3.17.2/share/cmake/Modules/CMakeCXXCompilerABI.cpp normal x86_64 c++ com.apple.compilers.llvm.clang.1_0.compiler
    cd /Users/Charing/Code/Kidnapped-Vehicle/CMakeFiles/CMakeTmp
    /Applications/Xcode.app/Contents/Developer/Toolchains/XcodeDefault.xctoolchain/usr/bin/clang -x c++ -arch x86_64 -fmessage-length=0 -fdiagnostics-show-note-include-stack -fmacro-backtrace-limit=0 -Wno-trigraphs -fpascal-strings -O0 -Wno-missing-field-initializers -Wno-missing-prototypes -Wno-return-type -Wno-non-virtual-dtor -Wno-overloaded-virtual -Wno-exit-time-destructors -Wno-missing-braces -Wparentheses -Wswitch -Wno-unused-function -Wno-unused-label -Wno-unused-parameter -Wno-unused-variable -Wunused-value -Wno-empty-body -Wno-uninitialized -Wno-unknown-pragmas -Wno-shadow -Wno-four-char-constants -Wno-conversion -Wno-constant-conversion -Wno-int-conversion -Wno-bool-conversion -Wno-enum-conversion -Wno-float-conversion -Wno-non-literal-null-conversion -Wno-objc-literal-conversion -Wno-shorten-64-to-32 -Wno-newline-eof -Wno-c++11-extensions -DCMAKE_INTDIR=\"Debug\" -isysroot /Applications/Xcode.app/Contents/Developer/Platforms/MacOSX.platform/Developer/SDKs/MacOSX10.14.sdk -fasm-blocks -fstrict-aliasing -Wdeprecated-declarations -Winvalid-offsetof -mmacosx-version-min=10.13 -g -Wno-sign-conversion -Wno-infinite-recursion -Wno-move -Wno-comma -Wno-block-capture-autoreleasing -Wno-strict-prototypes -Wno-range-loop-analysis -Wno-semicolon-before-method-body -I/Users/Charing/Code/Kidnapped-Vehicle/CMakeFiles/CMakeTmp/Debug/include -I/Users/Charing/Code/Kidnapped-Vehicle/CMakeFiles/CMakeTmp/CMAKE_TRY_COMPILE.build/Debug/cmTC_427eb.build/DerivedSources/x86_64 -I/Users/Charing/Code/Kidnapped-Vehicle/CMakeFiles/CMakeTmp/CMAKE_TRY_COMPILE.build/Debug/cmTC_427eb.build/DerivedSources -F/Users/Charing/Code/Kidnapped-Vehicle/CMakeFiles/CMakeTmp/Debug -v -Wl,-v -MMD -MT dependencies -MF /Users/Charing/Code/Kidnapped-Vehicle/CMakeFiles/CMakeTmp/CMAKE_TRY_COMPILE.build/Debug/cmTC_427eb.build/Objects-normal/x86_64/CMakeCXXCompilerABI.d --serialize-diagnostics /Users/Charing/Code/Kidnapped-Vehicle/CMakeFiles/CMakeTmp/CMAKE_TRY_COMPILE.build/Debug/cmTC_427eb.build/Objects-normal/x86_64/CMakeCXXCompilerABI.dia -c /usr/local/Cellar/cmake/3.17.2/share/cmake/Modules/CMakeCXXCompilerABI.cpp -o /Users/Charing/Code/Kidnapped-Vehicle/CMakeFiles/CMakeTmp/CMAKE_TRY_COMPILE.build/Debug/cmTC_427eb.build/Objects-normal/x86_64/CMakeCXXCompilerABI.o
Apple LLVM version 10.0.0 (clang-1000.11.45.5)
Target: x86_64-apple-darwin17.7.0
Thread model: posix
InstalledDir: /Applications/Xcode.app/Contents/Developer/Toolchains/XcodeDefault.xctoolchain/usr/bin
clang: warning: -Wl,-v: 'linker' input unused [-Wunused-command-line-argument]
 "/Applications/Xcode.app/Contents/Developer/Toolchains/XcodeDefault.xctoolchain/usr/bin/clang" -cc1 -triple x86_64-apple-macosx10.13.0 -Wdeprecated-objc-isa-usage -Werror=deprecated-objc-isa-usage -emit-obj -mrelax-all -disable-free -disable-llvm-verifier -discard-value-names -main-file-name CMakeCXXCompilerABI.cpp -mrelocation-model pic -pic-level 2 -mthread-model posix -mdisable-fp-elim -fno-strict-return -masm-verbose -munwind-tables -target-cpu penryn -dwarf-column-info -debug-info-kind=standalone -dwarf-version=4 -debugger-tuning=lldb -target-linker-version 409.12 -v -coverage-notes-file /Users/Charing/Code/Kidnapped-Vehicle/CMakeFiles/CMakeTmp/CMAKE_TRY_COMPILE.build/Debug/cmTC_427eb.build/Objects-normal/x86_64/CMakeCXXCompilerABI.gcno -resource-dir /Applications/Xcode.app/Contents/Developer/Toolchains/XcodeDefault.xctoolchain/usr/lib/clang/10.0.0 -dependency-file /Users/Charing/Code/Kidnapped-Vehicle/CMakeFiles/CMakeTmp/CMAKE_TRY_COMPILE.build/Debug/cmTC_427eb.build/Objects-normal/x86_64/CMakeCXXCompilerABI.d -skip-unused-modulemap-deps -MT dependencies -isysroot /Applications/Xcode.app/Contents/Developer/Platforms/MacOSX.platform/Developer/SDKs/MacOSX10.14.sdk -D "CMAKE_INTDIR=\"Debug\"" -I /Users/Charing/Code/Kidnapped-Vehicle/CMakeFiles/CMakeTmp/Debug/include -I /Users/Charing/Code/Kidnapped-Vehicle/CMakeFiles/CMakeTmp/CMAKE_TRY_COMPILE.build/Debug/cmTC_427eb.build/DerivedSources/x86_64 -I /Users/Charing/Code/Kidnapped-Vehicle/CMakeFiles/CMakeTmp/CMAKE_TRY_COMPILE.build/Debug/cmTC_427eb.build/DerivedSources -F/Users/Charing/Code/Kidnapped-Vehicle/CMakeFiles/CMakeTmp/Debug -stdlib=libc++ -O0 -Wno-trigraphs -Wno-missing-field-initializers -Wno-missing-prototypes -Wno-return-type -Wno-non-virtual-dtor -Wno-overloaded-virtual -Wno-exit-time-destructors -Wno-missing-braces -Wparentheses -Wswitch -Wno-unused-function -Wno-unused-label -Wno-unused-parameter -Wno-unused-variable -Wunused-value -Wno-empty-body -Wno-uninitialized -Wno-unknown-pragmas -Wno-shadow -Wno-four-char-constants -Wno-conversion -Wno-constant-conversion -Wno-int-conversion -Wno-bool-conversion -Wno-enum-conversion -Wno-float-conversion -Wno-non-literal-null-conversion -Wno-objc-literal-conversion -Wno-shorten-64-to-32 -Wno-newline-eof -Wno-c++11-extensions -Wdeprecated-declarations -Winvalid-offsetof -Wno-sign-conversion -Wno-infinite-recursion -Wno-move -Wno-comma -Wno-block-capture-autoreleasing -Wno-strict-prototypes -Wno-range-loop-analysis -Wno-semicolon-before-method-body -fdeprecated-macro -fdebug-compilation-dir /Users/Charing/Code/Kidnapped-Vehicle/CMakeFiles/CMakeTmp -ferror-limit 19 -fmacro-backtrace-limit 0 -fmessage-length 0 -stack-protector 1 -fblocks -fencode-extended-block-signature -fobjc-runtime=macosx-10.13.0 -fcxx-exceptions -fexceptions -fpascal-strings -fmax-type-align=16 -fdiagnostics-show-option -fdiagnostics-show-note-include-stack -fasm-blocks -serialize-diagnostic-file /Users/Charing/Code/Kidnapped-Vehicle/CMakeFiles/CMakeTmp/CMAKE_TRY_COMPILE.build/Debug/cmTC_427eb.build/Objects-normal/x86_64/CMakeCXXCompilerABI.dia -o /Users/Charing/Code/Kidnapped-Vehicle/CMakeFiles/CMakeTmp/CMAKE_TRY_COMPILE.build/Debug/cmTC_427eb.build/Objects-normal/x86_64/CMakeCXXCompilerABI.o -x c++ /usr/local/Cellar/cmake/3.17.2/share/cmake/Modules/CMakeCXXCompilerABI.cpp
clang -cc1 version 10.0.0 (clang-1000.11.45.5) default target x86_64-apple-darwin17.7.0
ignoring nonexistent directory "/Users/Charing/Code/Kidnapped-Vehicle/CMakeFiles/CMakeTmp/Debug/include"
ignoring nonexistent directory "/Users/Charing/Code/Kidnapped-Vehicle/CMakeFiles/CMakeTmp/CMAKE_TRY_COMPILE.build/Debug/cmTC_427eb.build/DerivedSources/x86_64"
ignoring nonexistent directory "/Users/Charing/Code/Kidnapped-Vehicle/CMakeFiles/CMakeTmp/CMAKE_TRY_COMPILE.build/Debug/cmTC_427eb.build/DerivedSources"
ignoring nonexistent directory "/Users/Charing/Code/Kidnapped-Vehicle/CMakeFiles/CMakeTmp/Debug"
ignoring nonexistent directory "/Applications/Xcode.app/Contents/Developer/Platforms/MacOSX.platform/Developer/SDKs/MacOSX10.14.sdk/usr/include/c++/v1"
ignoring nonexistent directory "/Applications/Xcode.app/Contents/Developer/Platforms/MacOSX.platform/Developer/SDKs/MacOSX10.14.sdk/usr/local/include"
ignoring nonexistent directory "/Applications/Xcode.app/Contents/Developer/Platforms/MacOSX.platform/Developer/SDKs/MacOSX10.14.sdk/Library/Frameworks"
#include "..." search starts here:
#include <...> search starts here:
 /Applications/Xcode.app/Contents/Developer/Toolchains/XcodeDefault.xctoolchain/usr/include/c++/v1
 /Applications/Xcode.app/Contents/Developer/Toolchains/XcodeDefault.xctoolchain/usr/lib/clang/10.0.0/include
 /Applications/Xcode.app/Contents/Developer/Toolchains/XcodeDefault.xctoolchain/usr/include
 /Applications/Xcode.app/Contents/Developer/Platforms/MacOSX.platform/Developer/SDKs/MacOSX10.14.sdk/usr/include
 /Applications/Xcode.app/Contents/Developer/Platforms/MacOSX.platform/Developer/SDKs/MacOSX10.14.sdk/System/Library/Frameworks (framework directory)
End of search list.

Ld Debug/cmTC_427eb normal x86_64
    cd /Users/Charing/Code/Kidnapped-Vehicle/CMakeFiles/CMakeTmp
    /Applications/Xcode.app/Contents/Developer/Toolchains/XcodeDefault.xctoolchain/usr/bin/clang++ -arch x86_64 -isysroot /Applications/Xcode.app/Contents/Developer/Platforms/MacOSX.platform/Developer/SDKs/MacOSX10.14.sdk -L/Users/Charing/Code/Kidnapped-Vehicle/CMakeFiles/CMakeTmp/Debug -F/Users/Charing/Code/Kidnapped-Vehicle/CMakeFiles/CMakeTmp/Debug -filelist /Users/Charing/Code/Kidnapped-Vehicle/CMakeFiles/CMakeTmp/CMAKE_TRY_COMPILE.build/Debug/cmTC_427eb.build/Objects-normal/x86_64/cmTC_427eb.LinkFileList -mmacosx-version-min=10.13 -Xlinker -object_path_lto -Xlinker /Users/Charing/Code/Kidnapped-Vehicle/CMakeFiles/CMakeTmp/CMAKE_TRY_COMPILE.build/Debug/cmTC_427eb.build/Objects-normal/x86_64/cmTC_427eb_lto.o -Xlinker -no_deduplicate -v -Wl,-v -Wl,-search_paths_first -Wl,-headerpad_max_install_names -Xlinker -dependency_info -Xlinker /Users/Charing/Code/Kidnapped-Vehicle/CMakeFiles/CMakeTmp/CMAKE_TRY_COMPILE.build/Debug/cmTC_427eb.build/Objects-normal/x86_64/cmTC_427eb_dependency_info.dat -o /Users/Charing/Code/Kidnapped-Vehicle/CMakeFiles/CMakeTmp/Debug/cmTC_427eb
Apple LLVM version 10.0.0 (clang-1000.11.45.5)
Target: x86_64-apple-darwin17.7.0
Thread model: posix
InstalledDir: /Applications/Xcode.app/Contents/Developer/Toolchains/XcodeDefault.xctoolchain/usr/bin
 "/Applications/Xcode.app/Contents/Developer/Toolchains/XcodeDefault.xctoolchain/usr/bin/ld" -demangle -lto_library /Applications/Xcode.app/Contents/Developer/Toolchains/XcodeDefault.xctoolchain/usr/lib/libLTO.dylib -dynamic -arch x86_64 -macosx_version_min 10.13.0 -syslibroot /Applications/Xcode.app/Contents/Developer/Platforms/MacOSX.platform/Developer/SDKs/MacOSX10.14.sdk -o /Users/Charing/Code/Kidnapped-Vehicle/CMakeFiles/CMakeTmp/Debug/cmTC_427eb -L/Users/Charing/Code/Kidnapped-Vehicle/CMakeFiles/CMakeTmp/Debug -filelist /Users/Charing/Code/Kidnapped-Vehicle/CMakeFiles/CMakeTmp/CMAKE_TRY_COMPILE.build/Debug/cmTC_427eb.build/Objects-normal/x86_64/cmTC_427eb.LinkFileList -object_path_lto /Users/Charing/Code/Kidnapped-Vehicle/CMakeFiles/CMakeTmp/CMAKE_TRY_COMPILE.build/Debug/cmTC_427eb.build/Objects-normal/x86_64/cmTC_427eb_lto.o -no_deduplicate -v -search_paths_first -headerpad_max_install_names -dependency_info /Users/Charing/Code/Kidnapped-Vehicle/CMakeFiles/CMakeTmp/CMAKE_TRY_COMPILE.build/Debug/cmTC_427eb.build/Objects-normal/x86_64/cmTC_427eb_dependency_info.dat -lc++ -lSystem /Applications/Xcode.app/Contents/Developer/Toolchains/XcodeDefault.xctoolchain/usr/lib/clang/10.0.0/lib/darwin/libclang_rt.osx.a -F/Users/Charing/Code/Kidnapped-Vehicle/CMakeFiles/CMakeTmp/Debug
@(#)PROGRAM:ld  PROJECT:ld64-409.12
BUILD 17:47:51 Sep 25 2018
configured to support archs: armv6 armv7 armv7s arm64 i386 x86_64 x86_64h armv6m armv7k armv7m armv7em arm64e arm64_32
Library search paths:
	/Users/Charing/Code/Kidnapped-Vehicle/CMakeFiles/CMakeTmp/Debug
	/Applications/Xcode.app/Contents/Developer/Platforms/MacOSX.platform/Developer/SDKs/MacOSX10.14.sdk/usr/lib
Framework search paths:
	/Users/Charing/Code/Kidnapped-Vehicle/CMakeFiles/CMakeTmp/Debug
	/Applications/Xcode.app/Contents/Developer/Platforms/MacOSX.platform/Developer/SDKs/MacOSX10.14.sdk/System/Library/Frameworks/

** BUILD SUCCEEDED **




Parsed CXX implicit include dir info from above output: rv=done
  found start of include info
  found start of implicit include info
    add: [/Applications/Xcode.app/Contents/Developer/Toolchains/XcodeDefault.xctoolchain/usr/include/c++/v1]
    add: [/Applications/Xcode.app/Contents/Developer/Toolchains/XcodeDefault.xctoolchain/usr/lib/clang/10.0.0/include]
    add: [/Applications/Xcode.app/Contents/Developer/Toolchains/XcodeDefault.xctoolchain/usr/include]
    add: [/Applications/Xcode.app/Contents/Developer/Platforms/MacOSX.platform/Developer/SDKs/MacOSX10.14.sdk/usr/include]
  end of search list found
  collapse include dir [/Applications/Xcode.app/Contents/Developer/Toolchains/XcodeDefault.xctoolchain/usr/include/c++/v1] ==> [/Applications/Xcode.app/Contents/Developer/Toolchains/XcodeDefault.xctoolchain/usr/include/c++/v1]
  collapse include dir [/Applications/Xcode.app/Contents/Developer/Toolchains/XcodeDefault.xctoolchain/usr/lib/clang/10.0.0/include] ==> [/Applications/Xcode.app/Contents/Developer/Toolchains/XcodeDefault.xctoolchain/usr/lib/clang/10.0.0/include]
  collapse include dir [/Applications/Xcode.app/Contents/Developer/Toolchains/XcodeDefault.xctoolchain/usr/include] ==> [/Applications/Xcode.app/Contents/Developer/Toolchains/XcodeDefault.xctoolchain/usr/include]
  collapse include dir [/Applications/Xcode.app/Contents/Developer/Platforms/MacOSX.platform/Developer/SDKs/MacOSX10.14.sdk/usr/include] ==> [/Applications/Xcode.app/Contents/Developer/Platforms/MacOSX.platform/Developer/SDKs/MacOSX10.14.sdk/usr/include]
  implicit include dirs: [/Applications/Xcode.app/Contents/Developer/Toolchains/XcodeDefault.xctoolchain/usr/include/c++/v1;/Applications/Xcode.app/Contents/Developer/Toolchains/XcodeDefault.xctoolchain/usr/lib/clang/10.0.0/include;/Applications/Xcode.app/Contents/Developer/Toolchains/XcodeDefault.xctoolchain/usr/include;/Applications/Xcode.app/Contents/Developer/Platforms/MacOSX.platform/Developer/SDKs/MacOSX10.14.sdk/usr/include]


Parsed CXX implicit link information from above output:
  link line regex: [^( *|.*[/\])(ld|CMAKE_LINK_STARTFILE-NOTFOUND|([^/\]+-)?ld|collect2)[^/\]*( |$)]
  ignore line: [Change Dir: /Users/Charing/Code/Kidnapped-Vehicle/CMakeFiles/CMakeTmp]
  ignore line: []
  ignore line: [Run Build Command(s):/usr/bin/xcodebuild -project CMAKE_TRY_COMPILE.xcodeproj build -target cmTC_427eb -configuration Debug -hideShellScriptEnvironment && User defaults from command line:]
  ignore line: [    HideShellScriptEnvironment = YES]
  ignore line: []
  ignore line: [Prepare build]
  ignore line: [note: Using legacy build system]
  ignore line: []
  ignore line: [=== BUILD TARGET cmTC_427eb OF PROJECT CMAKE_TRY_COMPILE WITH CONFIGURATION Debug ===]
  ignore line: []
  ignore line: [Check dependencies]
  ignore line: []
  ignore line: [Write auxiliary files]
  ignore line: [/bin/mkdir -p /Users/Charing/Code/Kidnapped-Vehicle/CMakeFiles/CMakeTmp/CMAKE_TRY_COMPILE.build/Debug/cmTC_427eb.build/Objects-normal/x86_64]
  ignore line: [write-file /Users/Charing/Code/Kidnapped-Vehicle/CMakeFiles/CMakeTmp/CMAKE_TRY_COMPILE.build/Debug/cmTC_427eb.build/Objects-normal/x86_64/cmTC_427eb.LinkFileList]
  ignore line: []
  ignore line: [CompileC CMAKE_TRY_COMPILE.build/Debug/cmTC_427eb.build/Objects-normal/x86_64/CMakeCXXCompilerABI.o /usr/local/Cellar/cmake/3.17.2/share/cmake/Modules/CMakeCXXCompilerABI.cpp normal x86_64 c++ com.apple.compilers.llvm.clang.1_0.compiler]
  ignore line: [    cd /Users/Charing/Code/Kidnapped-Vehicle/CMakeFiles/CMakeTmp]
  ignore line: [    /Applications/Xcode.app/Contents/Developer/Toolchains/XcodeDefault.xctoolchain/usr/bin/clang -x c++ -arch x86_64 -fmessage-length=0 -fdiagnostics-show-note-include-stack -fmacro-backtrace-limit=0 -Wno-trigraphs -fpascal-strings -O0 -Wno-missing-field-initializers -Wno-missing-prototypes -Wno-return-type -Wno-non-virtual-dtor -Wno-overloaded-virtual -Wno-exit-time-destructors -Wno-missing-braces -Wparentheses -Wswitch -Wno-unused-function -Wno-unused-label -Wno-unused-parameter -Wno-unused-variable -Wunused-value -Wno-empty-body -Wno-uninitialized -Wno-unknown-pragmas -Wno-shadow -Wno-four-char-constants -Wno-conversion -Wno-constant-conversion -Wno-int-conversion -Wno-bool-conversion -Wno-enum-conversion -Wno-float-conversion -Wno-non-literal-null-conversion -Wno-objc-literal-conversion -Wno-shorten-64-to-32 -Wno-newline-eof -Wno-c++11-extensions -DCMAKE_INTDIR=\"Debug\" -isysroot /Applications/Xcode.app/Contents/Developer/Platforms/MacOSX.platform/Developer/SDKs/MacOSX10.14.sdk -fasm-blocks -fstrict-aliasing -Wdeprecated-declarations -Winvalid-offsetof -mmacosx-version-min=10.13 -g -Wno-sign-conversion -Wno-infinite-recursion -Wno-move -Wno-comma -Wno-block-capture-autoreleasing -Wno-strict-prototypes -Wno-range-loop-analysis -Wno-semicolon-before-method-body -I/Users/Charing/Code/Kidnapped-Vehicle/CMakeFiles/CMakeTmp/Debug/include -I/Users/Charing/Code/Kidnapped-Vehicle/CMakeFiles/CMakeTmp/CMAKE_TRY_COMPILE.build/Debug/cmTC_427eb.build/DerivedSources/x86_64 -I/Users/Charing/Code/Kidnapped-Vehicle/CMakeFiles/CMakeTmp/CMAKE_TRY_COMPILE.build/Debug/cmTC_427eb.build/DerivedSources -F/Users/Charing/Code/Kidnapped-Vehicle/CMakeFiles/CMakeTmp/Debug -v -Wl -v -MMD -MT dependencies -MF /Users/Charing/Code/Kidnapped-Vehicle/CMakeFiles/CMakeTmp/CMAKE_TRY_COMPILE.build/Debug/cmTC_427eb.build/Objects-normal/x86_64/CMakeCXXCompilerABI.d --serialize-diagnostics /Users/Charing/Code/Kidnapped-Vehicle/CMakeFiles/CMakeTmp/CMAKE_TRY_COMPILE.build/Debug/cmTC_427eb.build/Objects-normal/x86_64/CMakeCXXCompilerABI.dia -c /usr/local/Cellar/cmake/3.17.2/share/cmake/Modules/CMakeCXXCompilerABI.cpp -o /Users/Charing/Code/Kidnapped-Vehicle/CMakeFiles/CMakeTmp/CMAKE_TRY_COMPILE.build/Debug/cmTC_427eb.build/Objects-normal/x86_64/CMakeCXXCompilerABI.o]
  ignore line: [Apple LLVM version 10.0.0 (clang-1000.11.45.5)]
  ignore line: [Target: x86_64-apple-darwin17.7.0]
  ignore line: [Thread model: posix]
  ignore line: [InstalledDir: /Applications/Xcode.app/Contents/Developer/Toolchains/XcodeDefault.xctoolchain/usr/bin]
  ignore line: [clang: warning: -Wl -v: 'linker' input unused [-Wunused-command-line-argument]]
  ignore line: [ "/Applications/Xcode.app/Contents/Developer/Toolchains/XcodeDefault.xctoolchain/usr/bin/clang" -cc1 -triple x86_64-apple-macosx10.13.0 -Wdeprecated-objc-isa-usage -Werror=deprecated-objc-isa-usage -emit-obj -mrelax-all -disable-free -disable-llvm-verifier -discard-value-names -main-file-name CMakeCXXCompilerABI.cpp -mrelocation-model pic -pic-level 2 -mthread-model posix -mdisable-fp-elim -fno-strict-return -masm-verbose -munwind-tables -target-cpu penryn -dwarf-column-info -debug-info-kind=standalone -dwarf-version=4 -debugger-tuning=lldb -target-linker-version 409.12 -v -coverage-notes-file /Users/Charing/Code/Kidnapped-Vehicle/CMakeFiles/CMakeTmp/CMAKE_TRY_COMPILE.build/Debug/cmTC_427eb.build/Objects-normal/x86_64/CMakeCXXCompilerABI.gcno -resource-dir /Applications/Xcode.app/Contents/Developer/Toolchains/XcodeDefault.xctoolchain/usr/lib/clang/10.0.0 -dependency-file /Users/Charing/Code/Kidnapped-Vehicle/CMakeFiles/CMakeTmp/CMAKE_TRY_COMPILE.build/Debug/cmTC_427eb.build/Objects-normal/x86_64/CMakeCXXCompilerABI.d -skip-unused-modulemap-deps -MT dependencies -isysroot /Applications/Xcode.app/Contents/Developer/Platforms/MacOSX.platform/Developer/SDKs/MacOSX10.14.sdk -D "CMAKE_INTDIR=\"Debug\"" -I /Users/Charing/Code/Kidnapped-Vehicle/CMakeFiles/CMakeTmp/Debug/include -I /Users/Charing/Code/Kidnapped-Vehicle/CMakeFiles/CMakeTmp/CMAKE_TRY_COMPILE.build/Debug/cmTC_427eb.build/DerivedSources/x86_64 -I /Users/Charing/Code/Kidnapped-Vehicle/CMakeFiles/CMakeTmp/CMAKE_TRY_COMPILE.build/Debug/cmTC_427eb.build/DerivedSources -F/Users/Charing/Code/Kidnapped-Vehicle/CMakeFiles/CMakeTmp/Debug -stdlib=libc++ -O0 -Wno-trigraphs -Wno-missing-field-initializers -Wno-missing-prototypes -Wno-return-type -Wno-non-virtual-dtor -Wno-overloaded-virtual -Wno-exit-time-destructors -Wno-missing-braces -Wparentheses -Wswitch -Wno-unused-function -Wno-unused-label -Wno-unused-parameter -Wno-unused-variable -Wunused-value -Wno-empty-body -Wno-uninitialized -Wno-unknown-pragmas -Wno-shadow -Wno-four-char-constants -Wno-conversion -Wno-constant-conversion -Wno-int-conversion -Wno-bool-conversion -Wno-enum-conversion -Wno-float-conversion -Wno-non-literal-null-conversion -Wno-objc-literal-conversion -Wno-shorten-64-to-32 -Wno-newline-eof -Wno-c++11-extensions -Wdeprecated-declarations -Winvalid-offsetof -Wno-sign-conversion -Wno-infinite-recursion -Wno-move -Wno-comma -Wno-block-capture-autoreleasing -Wno-strict-prototypes -Wno-range-loop-analysis -Wno-semicolon-before-method-body -fdeprecated-macro -fdebug-compilation-dir /Users/Charing/Code/Kidnapped-Vehicle/CMakeFiles/CMakeTmp -ferror-limit 19 -fmacro-backtrace-limit 0 -fmessage-length 0 -stack-protector 1 -fblocks -fencode-extended-block-signature -fobjc-runtime=macosx-10.13.0 -fcxx-exceptions -fexceptions -fpascal-strings -fmax-type-align=16 -fdiagnostics-show-option -fdiagnostics-show-note-include-stack -fasm-blocks -serialize-diagnostic-file /Users/Charing/Code/Kidnapped-Vehicle/CMakeFiles/CMakeTmp/CMAKE_TRY_COMPILE.build/Debug/cmTC_427eb.build/Objects-normal/x86_64/CMakeCXXCompilerABI.dia -o /Users/Charing/Code/Kidnapped-Vehicle/CMakeFiles/CMakeTmp/CMAKE_TRY_COMPILE.build/Debug/cmTC_427eb.build/Objects-normal/x86_64/CMakeCXXCompilerABI.o -x c++ /usr/local/Cellar/cmake/3.17.2/share/cmake/Modules/CMakeCXXCompilerABI.cpp]
  ignore line: [clang -cc1 version 10.0.0 (clang-1000.11.45.5) default target x86_64-apple-darwin17.7.0]
  ignore line: [ignoring nonexistent directory "/Users/Charing/Code/Kidnapped-Vehicle/CMakeFiles/CMakeTmp/Debug/include"]
  ignore line: [ignoring nonexistent directory "/Users/Charing/Code/Kidnapped-Vehicle/CMakeFiles/CMakeTmp/CMAKE_TRY_COMPILE.build/Debug/cmTC_427eb.build/DerivedSources/x86_64"]
  ignore line: [ignoring nonexistent directory "/Users/Charing/Code/Kidnapped-Vehicle/CMakeFiles/CMakeTmp/CMAKE_TRY_COMPILE.build/Debug/cmTC_427eb.build/DerivedSources"]
  ignore line: [ignoring nonexistent directory "/Users/Charing/Code/Kidnapped-Vehicle/CMakeFiles/CMakeTmp/Debug"]
  ignore line: [ignoring nonexistent directory "/Applications/Xcode.app/Contents/Developer/Platforms/MacOSX.platform/Developer/SDKs/MacOSX10.14.sdk/usr/include/c++/v1"]
  ignore line: [ignoring nonexistent directory "/Applications/Xcode.app/Contents/Developer/Platforms/MacOSX.platform/Developer/SDKs/MacOSX10.14.sdk/usr/local/include"]
  ignore line: [ignoring nonexistent directory "/Applications/Xcode.app/Contents/Developer/Platforms/MacOSX.platform/Developer/SDKs/MacOSX10.14.sdk/Library/Frameworks"]
  ignore line: [#include "..." search starts here:]
  ignore line: [#include <...> search starts here:]
  ignore line: [ /Applications/Xcode.app/Contents/Developer/Toolchains/XcodeDefault.xctoolchain/usr/include/c++/v1]
  ignore line: [ /Applications/Xcode.app/Contents/Developer/Toolchains/XcodeDefault.xctoolchain/usr/lib/clang/10.0.0/include]
  ignore line: [ /Applications/Xcode.app/Contents/Developer/Toolchains/XcodeDefault.xctoolchain/usr/include]
  ignore line: [ /Applications/Xcode.app/Contents/Developer/Platforms/MacOSX.platform/Developer/SDKs/MacOSX10.14.sdk/usr/include]
  ignore line: [ /Applications/Xcode.app/Contents/Developer/Platforms/MacOSX.platform/Developer/SDKs/MacOSX10.14.sdk/System/Library/Frameworks (framework directory)]
  ignore line: [End of search list.]
  ignore line: []
  ignore line: [Ld Debug/cmTC_427eb normal x86_64]
  ignore line: [    cd /Users/Charing/Code/Kidnapped-Vehicle/CMakeFiles/CMakeTmp]
  ignore line: [    /Applications/Xcode.app/Contents/Developer/Toolchains/XcodeDefault.xctoolchain/usr/bin/clang++ -arch x86_64 -isysroot /Applications/Xcode.app/Contents/Developer/Platforms/MacOSX.platform/Developer/SDKs/MacOSX10.14.sdk -L/Users/Charing/Code/Kidnapped-Vehicle/CMakeFiles/CMakeTmp/Debug -F/Users/Charing/Code/Kidnapped-Vehicle/CMakeFiles/CMakeTmp/Debug -filelist /Users/Charing/Code/Kidnapped-Vehicle/CMakeFiles/CMakeTmp/CMAKE_TRY_COMPILE.build/Debug/cmTC_427eb.build/Objects-normal/x86_64/cmTC_427eb.LinkFileList -mmacosx-version-min=10.13 -Xlinker -object_path_lto -Xlinker /Users/Charing/Code/Kidnapped-Vehicle/CMakeFiles/CMakeTmp/CMAKE_TRY_COMPILE.build/Debug/cmTC_427eb.build/Objects-normal/x86_64/cmTC_427eb_lto.o -Xlinker -no_deduplicate -v -Wl -v -Wl -search_paths_first -Wl -headerpad_max_install_names -Xlinker -dependency_info -Xlinker /Users/Charing/Code/Kidnapped-Vehicle/CMakeFiles/CMakeTmp/CMAKE_TRY_COMPILE.build/Debug/cmTC_427eb.build/Objects-normal/x86_64/cmTC_427eb_dependency_info.dat -o /Users/Charing/Code/Kidnapped-Vehicle/CMakeFiles/CMakeTmp/Debug/cmTC_427eb]
  ignore line: [Apple LLVM version 10.0.0 (clang-1000.11.45.5)]
  ignore line: [Target: x86_64-apple-darwin17.7.0]
  ignore line: [Thread model: posix]
  ignore line: [InstalledDir: /Applications/Xcode.app/Contents/Developer/Toolchains/XcodeDefault.xctoolchain/usr/bin]
  reduced line: [ "/Applications/Xcode.app/Contents/Developer/Toolchains/XcodeDefault.xctoolchain/usr/bin/ld" -demangle -lto_library /Applications/Xcode.app/Contents/Developer/Toolchains/XcodeDefault.xctoolchain/usr/lib/libLTO.dylib -dynamic -arch x86_64 -macosx_version_min 10.13.0 -syslibroot /Applications/Xcode.app/Contents/Developer/Platforms/MacOSX.platform/Developer/SDKs/MacOSX10.14.sdk -o /Users/Charing/Code/Kidnapped-Vehicle/CMakeFiles/CMakeTmp/Debug/cmTC_427eb -L/Users/Charing/Code/Kidnapped-Vehicle/CMakeFiles/CMakeTmp/Debug -filelist /Users/Charing/Code/Kidnapped-Vehicle/CMakeFiles/CMakeTmp/CMAKE_TRY_COMPILE.build/Debug/cmTC_427eb.build/Objects-normal/x86_64/cmTC_427eb.LinkFileList -object_path_lto /Users/Charing/Code/Kidnapped-Vehicle/CMakeFiles/CMakeTmp/CMAKE_TRY_COMPILE.build/Debug/cmTC_427eb.build/Objects-normal/x86_64/cmTC_427eb_lto.o -no_deduplicate -v -search_paths_first -headerpad_max_install_names -dependency_info /Users/Charing/Code/Kidnapped-Vehicle/CMakeFiles/CMakeTmp/CMAKE_TRY_COMPILE.build/Debug/cmTC_427eb.build/Objects-normal/x86_64/cmTC_427eb_dependency_info.dat -lc++ -lSystem /Applications/Xcode.app/Contents/Developer/Toolchains/XcodeDefault.xctoolchain/usr/lib/clang/10.0.0/lib/darwin/libclang_rt.osx.a -F/Users/Charing/Code/Kidnapped-Vehicle/CMakeFiles/CMakeTmp/Debug]
            to: [ "/Applications/Xcode.app/Contents/Developer/Toolchains/XcodeDefault.xctoolchain/usr/bin/ld" -demangle -lto_library /Applications/Xcode.app/Contents/Developer/Toolchains/XcodeDefault.xctoolchain/usr/lib/libLTO.dylib -dynamic -arch x86_64 -macosx_version_min 10.13.0 -syslibroot /Applications/Xcode.app/Contents/Developer/Platforms/MacOSX.platform/Developer/SDKs/MacOSX10.14.sdk -o /Users/Charing/Code/Kidnapped-Vehicle/CMakeFiles/CMakeTmp/Debug/cmTC_427eb -filelist /Users/Charing/Code/Kidnapped-Vehicle/CMakeFiles/CMakeTmp/CMAKE_TRY_COMPILE.build/Debug/cmTC_427eb.build/Objects-normal/x86_64/cmTC_427eb.LinkFileList -object_path_lto /Users/Charing/Code/Kidnapped-Vehicle/CMakeFiles/CMakeTmp/CMAKE_TRY_COMPILE.build/Debug/cmTC_427eb.build/Objects-normal/x86_64/cmTC_427eb_lto.o -no_deduplicate -v -search_paths_first -headerpad_max_install_names -dependency_info /Users/Charing/Code/Kidnapped-Vehicle/CMakeFiles/CMakeTmp/CMAKE_TRY_COMPILE.build/Debug/cmTC_427eb.build/Objects-normal/x86_64/cmTC_427eb_dependency_info.dat -lc++ -lSystem /Applications/Xcode.app/Contents/Developer/Toolchains/XcodeDefault.xctoolchain/usr/lib/clang/10.0.0/lib/darwin/libclang_rt.osx.a ]
  link line: [ "/Applications/Xcode.app/Contents/Developer/Toolchains/XcodeDefault.xctoolchain/usr/bin/ld" -demangle -lto_library /Applications/Xcode.app/Contents/Developer/Toolchains/XcodeDefault.xctoolchain/usr/lib/libLTO.dylib -dynamic -arch x86_64 -macosx_version_min 10.13.0 -syslibroot /Applications/Xcode.app/Contents/Developer/Platforms/MacOSX.platform/Developer/SDKs/MacOSX10.14.sdk -o /Users/Charing/Code/Kidnapped-Vehicle/CMakeFiles/CMakeTmp/Debug/cmTC_427eb -filelist /Users/Charing/Code/Kidnapped-Vehicle/CMakeFiles/CMakeTmp/CMAKE_TRY_COMPILE.build/Debug/cmTC_427eb.build/Objects-normal/x86_64/cmTC_427eb.LinkFileList -object_path_lto /Users/Charing/Code/Kidnapped-Vehicle/CMakeFiles/CMakeTmp/CMAKE_TRY_COMPILE.build/Debug/cmTC_427eb.build/Objects-normal/x86_64/cmTC_427eb_lto.o -no_deduplicate -v -search_paths_first -headerpad_max_install_names -dependency_info /Users/Charing/Code/Kidnapped-Vehicle/CMakeFiles/CMakeTmp/CMAKE_TRY_COMPILE.build/Debug/cmTC_427eb.build/Objects-normal/x86_64/cmTC_427eb_dependency_info.dat -lc++ -lSystem /Applications/Xcode.app/Contents/Developer/Toolchains/XcodeDefault.xctoolchain/usr/lib/clang/10.0.0/lib/darwin/libclang_rt.osx.a ]
    arg [/Applications/Xcode.app/Contents/Developer/Toolchains/XcodeDefault.xctoolchain/usr/bin/ld] ==> ignore
    arg [-demangle] ==> ignore
    arg [-lto_library] ==> ignore, skip following value
    arg [/Applications/Xcode.app/Contents/Developer/Toolchains/XcodeDefault.xctoolchain/usr/lib/libLTO.dylib] ==> skip value of -lto_library
    arg [-dynamic] ==> ignore
    arg [-arch] ==> ignore
    arg [x86_64] ==> ignore
    arg [-macosx_version_min] ==> ignore
    arg [10.13.0] ==> ignore
    arg [-syslibroot] ==> ignore
    arg [/Applications/Xcode.app/Contents/Developer/Platforms/MacOSX.platform/Developer/SDKs/MacOSX10.14.sdk] ==> ignore
    arg [-o] ==> ignore
    arg [/Users/Charing/Code/Kidnapped-Vehicle/CMakeFiles/CMakeTmp/Debug/cmTC_427eb] ==> ignore
    arg [-filelist] ==> ignore
    arg [/Users/Charing/Code/Kidnapped-Vehicle/CMakeFiles/CMakeTmp/CMAKE_TRY_COMPILE.build/Debug/cmTC_427eb.build/Objects-normal/x86_64/cmTC_427eb.LinkFileList] ==> ignore
    arg [-object_path_lto] ==> ignore
    arg [/Users/Charing/Code/Kidnapped-Vehicle/CMakeFiles/CMakeTmp/CMAKE_TRY_COMPILE.build/Debug/cmTC_427eb.build/Objects-normal/x86_64/cmTC_427eb_lto.o] ==> ignore
    arg [-no_deduplicate] ==> ignore
    arg [-v] ==> ignore
    arg [-search_paths_first] ==> ignore
    arg [-headerpad_max_install_names] ==> ignore
    arg [-dependency_info] ==> ignore
    arg [/Users/Charing/Code/Kidnapped-Vehicle/CMakeFiles/CMakeTmp/CMAKE_TRY_COMPILE.build/Debug/cmTC_427eb.build/Objects-normal/x86_64/cmTC_427eb_dependency_info.dat] ==> ignore
    arg [-lc++] ==> lib [c++]
    arg [-lSystem] ==> lib [System]
    arg [/Applications/Xcode.app/Contents/Developer/Toolchains/XcodeDefault.xctoolchain/usr/lib/clang/10.0.0/lib/darwin/libclang_rt.osx.a] ==> lib [/Applications/Xcode.app/Contents/Developer/Toolchains/XcodeDefault.xctoolchain/usr/lib/clang/10.0.0/lib/darwin/libclang_rt.osx.a]
  Library search paths: [;/Users/Charing/Code/Kidnapped-Vehicle/CMakeFiles/CMakeTmp/Debug;/Applications/Xcode.app/Contents/Developer/Platforms/MacOSX.platform/Developer/SDKs/MacOSX10.14.sdk/usr/lib]
  Framework search paths: [;/Users/Charing/Code/Kidnapped-Vehicle/CMakeFiles/CMakeTmp/Debug;/Applications/Xcode.app/Contents/Developer/Platforms/MacOSX.platform/Developer/SDKs/MacOSX10.14.sdk/System/Library/Frameworks/]
  remove lib [System]
  remove lib [/Applications/Xcode.app/Contents/Developer/Toolchains/XcodeDefault.xctoolchain/usr/lib/clang/10.0.0/lib/darwin/libclang_rt.osx.a]
  collapse library dir [/Users/Charing/Code/Kidnapped-Vehicle/CMakeFiles/CMakeTmp/Debug] ==> [/Users/Charing/Code/Kidnapped-Vehicle/CMakeFiles/CMakeTmp/Debug], skipping non-system directory
  collapse library dir [/Applications/Xcode.app/Contents/Developer/Platforms/MacOSX.platform/Developer/SDKs/MacOSX10.14.sdk/usr/lib] ==> [/Applications/Xcode.app/Contents/Developer/Platforms/MacOSX.platform/Developer/SDKs/MacOSX10.14.sdk/usr/lib]
  collapse framework dir [/Users/Charing/Code/Kidnapped-Vehicle/CMakeFiles/CMakeTmp/Debug] ==> [/Users/Charing/Code/Kidnapped-Vehicle/CMakeFiles/CMakeTmp/Debug], skipping non-system directory
  collapse framework dir [/Applications/Xcode.app/Contents/Developer/Platforms/MacOSX.platform/Developer/SDKs/MacOSX10.14.sdk/System/Library/Frameworks/] ==> [/Applications/Xcode.app/Contents/Developer/Platforms/MacOSX.platform/Developer/SDKs/MacOSX10.14.sdk/System/Library/Frameworks]
  implicit libs: [c++]
  implicit dirs: [/Applications/Xcode.app/Contents/Developer/Platforms/MacOSX.platform/Developer/SDKs/MacOSX10.14.sdk/usr/lib]
  implicit fwks: [/Applications/Xcode.app/Contents/Developer/Platforms/MacOSX.platform/Developer/SDKs/MacOSX10.14.sdk/System/Library/Frameworks]


